{"/home/sol/Documents/journey-service/app.js": {"path":"/home/sol/Documents/journey-service/app.js","statementMap":{"0":{"start":{"line":1,"column":16},"end":{"line":1,"column":34}},"1":{"start":{"line":2,"column":13},"end":{"line":2,"column":28}},"2":{"start":{"line":3,"column":12},"end":{"line":3,"column":21}},"3":{"start":{"line":4,"column":15},"end":{"line":4,"column":34}},"4":{"start":{"line":5,"column":19},"end":{"line":5,"column":41}},"5":{"start":{"line":6,"column":18},"end":{"line":6,"column":47}},"6":{"start":{"line":7,"column":26},"end":{"line":7,"column":51}},"7":{"start":{"line":8,"column":20},"end":{"line":8,"column":45}},"8":{"start":{"line":10,"column":18},"end":{"line":14,"column":1}},"9":{"start":{"line":16,"column":0},"end":{"line":16,"column":16}},"10":{"start":{"line":17,"column":0},"end":{"line":17,"column":27}},"11":{"start":{"line":18,"column":0},"end":{"line":22,"column":2}},"12":{"start":{"line":23,"column":0},"end":{"line":23,"column":64}},"13":{"start":{"line":24,"column":0},"end":{"line":24,"column":42}},"14":{"start":{"line":27,"column":0},"end":{"line":30,"column":3}},"15":{"start":{"line":29,"column":2},"end":{"line":29,"column":24}},"16":{"start":{"line":32,"column":0},"end":{"line":32,"column":23}}},"fnMap":{"0":{"name":"(anonymous_0)","decl":{"start":{"line":27,"column":13},"end":{"line":27,"column":14}},"loc":{"start":{"line":27,"column":27},"end":{"line":30,"column":1}},"line":27}},"branchMap":{},"s":{"0":1,"1":1,"2":1,"3":1,"4":1,"5":1,"6":1,"7":1,"8":1,"9":1,"10":1,"11":1,"12":1,"13":1,"14":1,"15":0,"16":1},"f":{"0":0},"b":{},"_coverageSchema":"1a1c01bbd47fc00a2c39e90264f33305004495a9","hash":"fc962fd6b07f07a6d19d3652124059156b514c96"}
,"/home/sol/Documents/journey-service/database/configurationSchema.js": {"path":"/home/sol/Documents/journey-service/database/configurationSchema.js","statementMap":{"0":{"start":{"line":1,"column":17},"end":{"line":1,"column":36}},"1":{"start":{"line":2,"column":17},"end":{"line":2,"column":25}},"2":{"start":{"line":4,"column":28},"end":{"line":13,"column":2}},"3":{"start":{"line":15,"column":27},"end":{"line":15,"column":79}},"4":{"start":{"line":17,"column":0},"end":{"line":17,"column":38}}},"fnMap":{},"branchMap":{},"s":{"0":2,"1":2,"2":2,"3":2,"4":2},"f":{},"b":{},"_coverageSchema":"1a1c01bbd47fc00a2c39e90264f33305004495a9","hash":"2c07cf4a4f3287414c03d0d1faeb953fb08223e6"}
,"/home/sol/Documents/journey-service/database/journeySchema.js": {"path":"/home/sol/Documents/journey-service/database/journeySchema.js","statementMap":{"0":{"start":{"line":1,"column":17},"end":{"line":1,"column":36}},"1":{"start":{"line":2,"column":17},"end":{"line":2,"column":25}},"2":{"start":{"line":6,"column":22},"end":{"line":18,"column":2}},"3":{"start":{"line":22,"column":21},"end":{"line":22,"column":61}},"4":{"start":{"line":24,"column":0},"end":{"line":24,"column":32}}},"fnMap":{},"branchMap":{},"s":{"0":2,"1":2,"2":2,"3":2,"4":2},"f":{},"b":{},"_coverageSchema":"1a1c01bbd47fc00a2c39e90264f33305004495a9","hash":"25a12cbfe85bc6127f0bad528100691c7772fc02"}
,"/home/sol/Documents/journey-service/errors/invalid_distance.js": {"path":"/home/sol/Documents/journey-service/errors/invalid_distance.js","statementMap":{"0":{"start":{"line":3,"column":4},"end":{"line":3,"column":19}},"1":{"start":{"line":4,"column":4},"end":{"line":4,"column":39}},"2":{"start":{"line":5,"column":4},"end":{"line":5,"column":20}},"3":{"start":{"line":11,"column":4},"end":{"line":11,"column":19}},"4":{"start":{"line":12,"column":4},"end":{"line":12,"column":36}},"5":{"start":{"line":13,"column":4},"end":{"line":13,"column":20}},"6":{"start":{"line":17,"column":0},"end":{"line":17,"column":59}}},"fnMap":{"0":{"name":"(anonymous_0)","decl":{"start":{"line":2,"column":2},"end":{"line":2,"column":3}},"loc":{"start":{"line":2,"column":23},"end":{"line":6,"column":3}},"line":2},"1":{"name":"(anonymous_1)","decl":{"start":{"line":10,"column":2},"end":{"line":10,"column":3}},"loc":{"start":{"line":10,"column":23},"end":{"line":14,"column":3}},"line":10}},"branchMap":{},"s":{"0":1,"1":1,"2":1,"3":2,"4":2,"5":2,"6":3},"f":{"0":1,"1":2},"b":{},"_coverageSchema":"1a1c01bbd47fc00a2c39e90264f33305004495a9","hash":"143e5f3394f7324450eea30cea86b8681c7f6761"}
,"/home/sol/Documents/journey-service/model/auth.js": {"path":"/home/sol/Documents/journey-service/model/auth.js","statementMap":{"0":{"start":{"line":1,"column":28},"end":{"line":1,"column":65}},"1":{"start":{"line":5,"column":15},"end":{"line":5,"column":33}},"2":{"start":{"line":6,"column":19},"end":{"line":6,"column":39}},"3":{"start":{"line":7,"column":18},"end":{"line":7,"column":33}},"4":{"start":{"line":9,"column":4},"end":{"line":11,"column":5}},"5":{"start":{"line":10,"column":6},"end":{"line":10,"column":52}},"6":{"start":{"line":12,"column":4},"end":{"line":12,"column":20}},"7":{"start":{"line":15,"column":0},"end":{"line":15,"column":24}}},"fnMap":{"0":{"name":"(anonymous_0)","decl":{"start":{"line":4,"column":2},"end":{"line":4,"column":3}},"loc":{"start":{"line":4,"column":16},"end":{"line":13,"column":3}},"line":4}},"branchMap":{"0":{"loc":{"start":{"line":9,"column":4},"end":{"line":11,"column":5}},"type":"if","locations":[{"start":{"line":9,"column":4},"end":{"line":11,"column":5}},{"start":{},"end":{}}],"line":9}},"s":{"0":2,"1":3,"2":3,"3":3,"4":3,"5":2,"6":1,"7":2},"f":{"0":3},"b":{"0":[2,1]},"_coverageSchema":"1a1c01bbd47fc00a2c39e90264f33305004495a9","hash":"1fa5c244720533b63bb4697066277215db8a8b19"}
,"/home/sol/Documents/journey-service/model/configurationRepository.js": {"path":"/home/sol/Documents/journey-service/model/configurationRepository.js","statementMap":{"0":{"start":{"line":1,"column":29},"end":{"line":1,"column":71}},"1":{"start":{"line":6,"column":19},"end":{"line":10,"column":10}},"2":{"start":{"line":9,"column":10},"end":{"line":9,"column":27}},"3":{"start":{"line":12,"column":4},"end":{"line":12,"column":18}},"4":{"start":{"line":16,"column":19},"end":{"line":16,"column":55}},"5":{"start":{"line":17,"column":4},"end":{"line":17,"column":18}},"6":{"start":{"line":21,"column":36},"end":{"line":21,"column":72}},"7":{"start":{"line":22,"column":4},"end":{"line":24,"column":5}},"8":{"start":{"line":23,"column":6},"end":{"line":23,"column":53}},"9":{"start":{"line":26,"column":19},"end":{"line":26,"column":53}},"10":{"start":{"line":28,"column":4},"end":{"line":34,"column":5}},"11":{"start":{"line":29,"column":6},"end":{"line":29,"column":26}},"12":{"start":{"line":30,"column":6},"end":{"line":30,"column":56}},"13":{"start":{"line":32,"column":6},"end":{"line":32,"column":18}},"14":{"start":{"line":33,"column":6},"end":{"line":33,"column":25}},"15":{"start":{"line":35,"column":4},"end":{"line":35,"column":18}},"16":{"start":{"line":39,"column":0},"end":{"line":39,"column":43}}},"fnMap":{"0":{"name":"(anonymous_0)","decl":{"start":{"line":5,"column":2},"end":{"line":5,"column":3}},"loc":{"start":{"line":5,"column":34},"end":{"line":13,"column":3}},"line":5},"1":{"name":"(anonymous_1)","decl":{"start":{"line":8,"column":23},"end":{"line":8,"column":24}},"loc":{"start":{"line":8,"column":37},"end":{"line":10,"column":9}},"line":8},"2":{"name":"(anonymous_2)","decl":{"start":{"line":15,"column":2},"end":{"line":15,"column":3}},"loc":{"start":{"line":15,"column":27},"end":{"line":18,"column":3}},"line":15},"3":{"name":"(anonymous_3)","decl":{"start":{"line":20,"column":2},"end":{"line":20,"column":3}},"loc":{"start":{"line":20,"column":37},"end":{"line":36,"column":3}},"line":20}},"branchMap":{"0":{"loc":{"start":{"line":22,"column":4},"end":{"line":24,"column":5}},"type":"if","locations":[{"start":{"line":22,"column":4},"end":{"line":24,"column":5}},{"start":{},"end":{}}],"line":22}},"s":{"0":2,"1":6,"2":0,"3":6,"4":5,"5":5,"6":3,"7":3,"8":1,"9":2,"10":2,"11":2,"12":2,"13":0,"14":0,"15":2,"16":2},"f":{"0":6,"1":0,"2":5,"3":3},"b":{"0":[1,2]},"_coverageSchema":"1a1c01bbd47fc00a2c39e90264f33305004495a9","hash":"6a2bebff74b1da4de63130e6f95d2ebeea139c8d"}
,"/home/sol/Documents/journey-service/model/distanceCalculator.js": {"path":"/home/sol/Documents/journey-service/model/distanceCalculator.js","statementMap":{"0":{"start":{"line":3,"column":4},"end":{"line":26,"column":5}},"1":{"start":{"line":4,"column":6},"end":{"line":4,"column":15}},"2":{"start":{"line":6,"column":22},"end":{"line":6,"column":40}},"3":{"start":{"line":7,"column":22},"end":{"line":7,"column":40}},"4":{"start":{"line":8,"column":20},"end":{"line":8,"column":29}},"5":{"start":{"line":9,"column":23},"end":{"line":9,"column":42}},"6":{"start":{"line":12,"column":17},"end":{"line":12,"column":115}},"7":{"start":{"line":13,"column":6},"end":{"line":15,"column":7}},"8":{"start":{"line":14,"column":8},"end":{"line":14,"column":17}},"9":{"start":{"line":16,"column":6},"end":{"line":16,"column":29}},"10":{"start":{"line":17,"column":6},"end":{"line":17,"column":32}},"11":{"start":{"line":18,"column":6},"end":{"line":18,"column":32}},"12":{"start":{"line":19,"column":6},"end":{"line":21,"column":7}},"13":{"start":{"line":20,"column":8},"end":{"line":20,"column":31}},"14":{"start":{"line":22,"column":6},"end":{"line":24,"column":7}},"15":{"start":{"line":23,"column":8},"end":{"line":23,"column":29}},"16":{"start":{"line":25,"column":6},"end":{"line":25,"column":18}},"17":{"start":{"line":30,"column":21},"end":{"line":30,"column":70}},"18":{"start":{"line":31,"column":4},"end":{"line":33,"column":5}},"19":{"start":{"line":32,"column":6},"end":{"line":32,"column":18}},"20":{"start":{"line":34,"column":4},"end":{"line":34,"column":16}},"21":{"start":{"line":37,"column":0},"end":{"line":37,"column":38}}},"fnMap":{"0":{"name":"(anonymous_0)","decl":{"start":{"line":2,"column":2},"end":{"line":2,"column":3}},"loc":{"start":{"line":2,"column":42},"end":{"line":27,"column":3}},"line":2},"1":{"name":"(anonymous_1)","decl":{"start":{"line":29,"column":2},"end":{"line":29,"column":3}},"loc":{"start":{"line":29,"column":41},"end":{"line":35,"column":3}},"line":29}},"branchMap":{"0":{"loc":{"start":{"line":3,"column":4},"end":{"line":26,"column":5}},"type":"if","locations":[{"start":{"line":3,"column":4},"end":{"line":26,"column":5}},{"start":{"line":5,"column":11},"end":{"line":26,"column":5}}],"line":3},"1":{"loc":{"start":{"line":3,"column":8},"end":{"line":3,"column":40}},"type":"binary-expr","locations":[{"start":{"line":3,"column":9},"end":{"line":3,"column":21}},{"start":{"line":3,"column":27},"end":{"line":3,"column":39}}],"line":3},"2":{"loc":{"start":{"line":13,"column":6},"end":{"line":15,"column":7}},"type":"if","locations":[{"start":{"line":13,"column":6},"end":{"line":15,"column":7}},{"start":{},"end":{}}],"line":13},"3":{"loc":{"start":{"line":19,"column":6},"end":{"line":21,"column":7}},"type":"if","locations":[{"start":{"line":19,"column":6},"end":{"line":21,"column":7}},{"start":{},"end":{}}],"line":19},"4":{"loc":{"start":{"line":22,"column":6},"end":{"line":24,"column":7}},"type":"if","locations":[{"start":{"line":22,"column":6},"end":{"line":24,"column":7}},{"start":{},"end":{}}],"line":22},"5":{"loc":{"start":{"line":31,"column":4},"end":{"line":33,"column":5}},"type":"if","locations":[{"start":{"line":31,"column":4},"end":{"line":33,"column":5}},{"start":{},"end":{}}],"line":31}},"s":{"0":2,"1":0,"2":2,"3":2,"4":2,"5":2,"6":2,"7":2,"8":0,"9":2,"10":2,"11":2,"12":2,"13":2,"14":2,"15":0,"16":2,"17":2,"18":2,"19":1,"20":1,"21":1},"f":{"0":2,"1":2},"b":{"0":[0,2],"1":[2,0],"2":[0,2],"3":[2,0],"4":[0,2],"5":[1,1]},"_coverageSchema":"1a1c01bbd47fc00a2c39e90264f33305004495a9","hash":"65ffc1d1f85de0a485800d9385a2a6569ed81514"}
,"/home/sol/Documents/journey-service/model/journeyManager.js": {"path":"/home/sol/Documents/journey-service/model/journeyManager.js","statementMap":{"0":{"start":{"line":1,"column":28},"end":{"line":1,"column":65}},"1":{"start":{"line":2,"column":26},"end":{"line":2,"column":49}},"2":{"start":{"line":7,"column":28},"end":{"line":10,"column":11}},"3":{"start":{"line":11,"column":26},"end":{"line":12,"column":52}},"4":{"start":{"line":13,"column":10},"end":{"line":13,"column":24}},"5":{"start":{"line":17,"column":0},"end":{"line":17,"column":34}}},"fnMap":{"0":{"name":"(anonymous_0)","decl":{"start":{"line":6,"column":4},"end":{"line":6,"column":5}},"loc":{"start":{"line":6,"column":34},"end":{"line":14,"column":5}},"line":6}},"branchMap":{},"s":{"0":1,"1":1,"2":1,"3":1,"4":1,"5":1},"f":{"0":1},"b":{},"_coverageSchema":"1a1c01bbd47fc00a2c39e90264f33305004495a9","hash":"e01eaee1fbb895e825513fcbb5e5476732a6f045"}
,"/home/sol/Documents/journey-service/model/journeyRepository.js": {"path":"/home/sol/Documents/journey-service/model/journeyRepository.js","statementMap":{"0":{"start":{"line":1,"column":23},"end":{"line":1,"column":59}},"1":{"start":{"line":6,"column":20},"end":{"line":10,"column":6}},"2":{"start":{"line":7,"column":6},"end":{"line":7,"column":17}},"3":{"start":{"line":9,"column":6},"end":{"line":9,"column":23}},"4":{"start":{"line":12,"column":4},"end":{"line":12,"column":19}},"5":{"start":{"line":16,"column":4},"end":{"line":16,"column":37}},"6":{"start":{"line":21,"column":4},"end":{"line":21,"column":55}},"7":{"start":{"line":25,"column":20},"end":{"line":26,"column":56}},"8":{"start":{"line":27,"column":4},"end":{"line":27,"column":19}},"9":{"start":{"line":31,"column":0},"end":{"line":31,"column":37}}},"fnMap":{"0":{"name":"(anonymous_0)","decl":{"start":{"line":5,"column":2},"end":{"line":5,"column":3}},"loc":{"start":{"line":5,"column":27},"end":{"line":13,"column":3}},"line":5},"1":{"name":"(anonymous_1)","decl":{"start":{"line":6,"column":52},"end":{"line":6,"column":53}},"loc":{"start":{"line":6,"column":66},"end":{"line":8,"column":5}},"line":6},"2":{"name":"(anonymous_2)","decl":{"start":{"line":8,"column":21},"end":{"line":8,"column":22}},"loc":{"start":{"line":8,"column":35},"end":{"line":10,"column":5}},"line":8},"3":{"name":"(anonymous_3)","decl":{"start":{"line":15,"column":2},"end":{"line":15,"column":3}},"loc":{"start":{"line":15,"column":22},"end":{"line":17,"column":3}},"line":15},"4":{"name":"(anonymous_4)","decl":{"start":{"line":20,"column":2},"end":{"line":20,"column":3}},"loc":{"start":{"line":20,"column":37},"end":{"line":22,"column":3}},"line":20},"5":{"name":"(anonymous_5)","decl":{"start":{"line":24,"column":2},"end":{"line":24,"column":3}},"loc":{"start":{"line":24,"column":43},"end":{"line":28,"column":3}},"line":24}},"branchMap":{},"s":{"0":2,"1":8,"2":8,"3":0,"4":8,"5":2,"6":1,"7":9,"8":9,"9":2},"f":{"0":8,"1":8,"2":0,"3":2,"4":1,"5":9},"b":{},"_coverageSchema":"1a1c01bbd47fc00a2c39e90264f33305004495a9","hash":"d908713e909d5264d757fabd9c569a4d186e3899"}
,"/home/sol/Documents/journey-service/model/modality.js": {"path":"/home/sol/Documents/journey-service/model/modality.js","statementMap":{"0":{"start":{"line":4,"column":4},"end":{"line":4,"column":21}},"1":{"start":{"line":7,"column":4},"end":{"line":9,"column":5}},"2":{"start":{"line":8,"column":6},"end":{"line":8,"column":19}},"3":{"start":{"line":11,"column":4},"end":{"line":11,"column":24}},"4":{"start":{"line":15,"column":0},"end":{"line":15,"column":28}}},"fnMap":{"0":{"name":"(anonymous_0)","decl":{"start":{"line":3,"column":2},"end":{"line":3,"column":3}},"loc":{"start":{"line":3,"column":20},"end":{"line":5,"column":3}},"line":3},"1":{"name":"(anonymous_1)","decl":{"start":{"line":6,"column":2},"end":{"line":6,"column":3}},"loc":{"start":{"line":6,"column":15},"end":{"line":12,"column":3}},"line":6}},"branchMap":{"0":{"loc":{"start":{"line":7,"column":4},"end":{"line":9,"column":5}},"type":"if","locations":[{"start":{"line":7,"column":4},"end":{"line":9,"column":5}},{"start":{},"end":{}}],"line":7}},"s":{"0":5,"1":4,"2":2,"3":2,"4":2},"f":{"0":5,"1":4},"b":{"0":[2,2]},"_coverageSchema":"1a1c01bbd47fc00a2c39e90264f33305004495a9","hash":"a753713f2a57ee6e553f96ebbed17244ba509fc5"}
,"/home/sol/Documents/journey-service/model/priceCalculator.js": {"path":"/home/sol/Documents/journey-service/model/priceCalculator.js","statementMap":{"0":{"start":{"line":1,"column":31},"end":{"line":1,"column":68}},"1":{"start":{"line":5,"column":4},"end":{"line":5,"column":31}},"2":{"start":{"line":6,"column":4},"end":{"line":6,"column":29}},"3":{"start":{"line":7,"column":4},"end":{"line":7,"column":29}},"4":{"start":{"line":11,"column":4},"end":{"line":13,"column":5}},"5":{"start":{"line":12,"column":6},"end":{"line":12,"column":59}},"6":{"start":{"line":15,"column":16},"end":{"line":15,"column":46}},"7":{"start":{"line":16,"column":4},"end":{"line":16,"column":39}},"8":{"start":{"line":17,"column":4},"end":{"line":17,"column":17}},"9":{"start":{"line":21,"column":0},"end":{"line":21,"column":35}}},"fnMap":{"0":{"name":"(anonymous_0)","decl":{"start":{"line":4,"column":2},"end":{"line":4,"column":3}},"loc":{"start":{"line":4,"column":45},"end":{"line":8,"column":3}},"line":4},"1":{"name":"(anonymous_1)","decl":{"start":{"line":10,"column":2},"end":{"line":10,"column":3}},"loc":{"start":{"line":10,"column":14},"end":{"line":18,"column":3}},"line":10}},"branchMap":{"0":{"loc":{"start":{"line":11,"column":4},"end":{"line":13,"column":5}},"type":"if","locations":[{"start":{"line":11,"column":4},"end":{"line":13,"column":5}},{"start":{},"end":{}}],"line":11}},"s":{"0":2,"1":5,"2":5,"3":5,"4":5,"5":1,"6":4,"7":4,"8":4,"9":2},"f":{"0":5,"1":5},"b":{"0":[1,4]},"_coverageSchema":"1a1c01bbd47fc00a2c39e90264f33305004495a9","hash":"dd8c4ec778400b0616a6ca5a80520ec4d82390b7"}
,"/home/sol/Documents/journey-service/routes/index.js": {"path":"/home/sol/Documents/journey-service/routes/index.js","statementMap":{"0":{"start":{"line":1,"column":16},"end":{"line":1,"column":34}},"1":{"start":{"line":2,"column":25},"end":{"line":2,"column":59}},"2":{"start":{"line":3,"column":23},"end":{"line":3,"column":62}},"3":{"start":{"line":4,"column":28},"end":{"line":4,"column":65}},"4":{"start":{"line":5,"column":34},"end":{"line":5,"column":77}},"5":{"start":{"line":6,"column":15},"end":{"line":6,"column":41}},"6":{"start":{"line":7,"column":26},"end":{"line":7,"column":61}},"7":{"start":{"line":8,"column":19},"end":{"line":8,"column":47}},"8":{"start":{"line":9,"column":20},"end":{"line":9,"column":45}},"9":{"start":{"line":10,"column":29},"end":{"line":10,"column":67}},"10":{"start":{"line":14,"column":22},"end":{"line":14,"column":38}},"11":{"start":{"line":15,"column":26},"end":{"line":15,"column":49}},"12":{"start":{"line":16,"column":32},"end":{"line":16,"column":61}},"13":{"start":{"line":17,"column":23},"end":{"line":17,"column":43}},"14":{"start":{"line":20,"column":2},"end":{"line":24,"column":3}},"15":{"start":{"line":21,"column":4},"end":{"line":21,"column":37}},"16":{"start":{"line":22,"column":4},"end":{"line":22,"column":51}},"17":{"start":{"line":23,"column":4},"end":{"line":23,"column":11}},"18":{"start":{"line":25,"column":2},"end":{"line":25,"column":36}},"19":{"start":{"line":26,"column":2},"end":{"line":26,"column":25}},"20":{"start":{"line":30,"column":2},"end":{"line":34,"column":3}},"21":{"start":{"line":31,"column":4},"end":{"line":31,"column":41}},"22":{"start":{"line":32,"column":4},"end":{"line":32,"column":68}},"23":{"start":{"line":33,"column":4},"end":{"line":33,"column":11}},"24":{"start":{"line":36,"column":32},"end":{"line":39,"column":3}},"25":{"start":{"line":41,"column":2},"end":{"line":41,"column":39}},"26":{"start":{"line":44,"column":0},"end":{"line":67,"column":7}},"27":{"start":{"line":46,"column":23},"end":{"line":46,"column":40}},"28":{"start":{"line":47,"column":23},"end":{"line":47,"column":54}},"29":{"start":{"line":48,"column":21},"end":{"line":49,"column":29}},"30":{"start":{"line":51,"column":6},"end":{"line":51,"column":36}},"31":{"start":{"line":52,"column":30},"end":{"line":53,"column":29}},"32":{"start":{"line":54,"column":6},"end":{"line":66,"column":7}},"33":{"start":{"line":55,"column":8},"end":{"line":55,"column":39}},"34":{"start":{"line":56,"column":8},"end":{"line":56,"column":30}},"35":{"start":{"line":57,"column":8},"end":{"line":57,"column":30}},"36":{"start":{"line":59,"column":22},"end":{"line":59,"column":49}},"37":{"start":{"line":60,"column":21},"end":{"line":62,"column":9}},"38":{"start":{"line":63,"column":8},"end":{"line":63,"column":23}},"39":{"start":{"line":65,"column":8},"end":{"line":65,"column":52}},"40":{"start":{"line":69,"column":0},"end":{"line":88,"column":3}},"41":{"start":{"line":70,"column":19},"end":{"line":70,"column":76}},"42":{"start":{"line":71,"column":2},"end":{"line":74,"column":3}},"43":{"start":{"line":72,"column":4},"end":{"line":72,"column":56}},"44":{"start":{"line":73,"column":4},"end":{"line":73,"column":11}},"45":{"start":{"line":75,"column":19},"end":{"line":75,"column":48}},"46":{"start":{"line":76,"column":21},"end":{"line":76,"column":32}},"47":{"start":{"line":77,"column":21},"end":{"line":77,"column":32}},"48":{"start":{"line":78,"column":24},"end":{"line":78,"column":72}},"49":{"start":{"line":79,"column":19},"end":{"line":79,"column":60}},"50":{"start":{"line":80,"column":29},"end":{"line":80,"column":53}},"51":{"start":{"line":81,"column":23},"end":{"line":86,"column":4}},"52":{"start":{"line":82,"column":4},"end":{"line":85,"column":5}},"53":{"start":{"line":84,"column":6},"end":{"line":84,"column":21}},"54":{"start":{"line":87,"column":2},"end":{"line":87,"column":25}},"55":{"start":{"line":90,"column":0},"end":{"line":115,"column":3}},"56":{"start":{"line":91,"column":24},"end":{"line":91,"column":72}},"57":{"start":{"line":92,"column":19},"end":{"line":92,"column":50}},"58":{"start":{"line":93,"column":26},"end":{"line":93,"column":100}},"59":{"start":{"line":95,"column":16},"end":{"line":95,"column":43}},"60":{"start":{"line":97,"column":2},"end":{"line":112,"column":3}},"61":{"start":{"line":98,"column":22},"end":{"line":104,"column":6}},"62":{"start":{"line":105,"column":4},"end":{"line":105,"column":35}},"63":{"start":{"line":106,"column":19},"end":{"line":106,"column":41}},"64":{"start":{"line":107,"column":4},"end":{"line":107,"column":37}},"65":{"start":{"line":108,"column":4},"end":{"line":108,"column":21}},"66":{"start":{"line":110,"column":4},"end":{"line":110,"column":21}},"67":{"start":{"line":111,"column":4},"end":{"line":111,"column":76}},"68":{"start":{"line":117,"column":0},"end":{"line":121,"column":3}},"69":{"start":{"line":119,"column":18},"end":{"line":119,"column":60}},"70":{"start":{"line":120,"column":2},"end":{"line":120,"column":41}},"71":{"start":{"line":123,"column":0},"end":{"line":142,"column":3}},"72":{"start":{"line":124,"column":22},"end":{"line":127,"column":3}},"73":{"start":{"line":129,"column":18},"end":{"line":129,"column":71}},"74":{"start":{"line":130,"column":2},"end":{"line":141,"column":3}},"75":{"start":{"line":131,"column":4},"end":{"line":131,"column":37}},"76":{"start":{"line":132,"column":4},"end":{"line":132,"column":37}},"77":{"start":{"line":133,"column":9},"end":{"line":141,"column":3}},"78":{"start":{"line":135,"column":27},"end":{"line":135,"column":96}},"79":{"start":{"line":136,"column":4},"end":{"line":136,"column":58}},"80":{"start":{"line":138,"column":4},"end":{"line":138,"column":44}},"81":{"start":{"line":139,"column":4},"end":{"line":139,"column":29}},"82":{"start":{"line":140,"column":4},"end":{"line":140,"column":49}},"83":{"start":{"line":144,"column":0},"end":{"line":162,"column":3}},"84":{"start":{"line":145,"column":22},"end":{"line":147,"column":3}},"85":{"start":{"line":149,"column":18},"end":{"line":149,"column":71}},"86":{"start":{"line":151,"column":2},"end":{"line":161,"column":3}},"87":{"start":{"line":152,"column":4},"end":{"line":152,"column":37}},"88":{"start":{"line":153,"column":4},"end":{"line":153,"column":37}},"89":{"start":{"line":154,"column":9},"end":{"line":161,"column":3}},"90":{"start":{"line":156,"column":27},"end":{"line":156,"column":96}},"91":{"start":{"line":157,"column":4},"end":{"line":157,"column":59}},"92":{"start":{"line":159,"column":4},"end":{"line":159,"column":43}},"93":{"start":{"line":160,"column":4},"end":{"line":160,"column":49}},"94":{"start":{"line":164,"column":0},"end":{"line":172,"column":3}},"95":{"start":{"line":165,"column":22},"end":{"line":168,"column":3}},"96":{"start":{"line":169,"column":18},"end":{"line":170,"column":52}},"97":{"start":{"line":171,"column":2},"end":{"line":171,"column":40}},"98":{"start":{"line":175,"column":0},"end":{"line":179,"column":3}},"99":{"start":{"line":176,"column":19},"end":{"line":176,"column":56}},"100":{"start":{"line":177,"column":2},"end":{"line":177,"column":30}},"101":{"start":{"line":178,"column":2},"end":{"line":178,"column":21}},"102":{"start":{"line":181,"column":0},"end":{"line":184,"column":3}},"103":{"start":{"line":182,"column":17},"end":{"line":182,"column":73}},"104":{"start":{"line":183,"column":2},"end":{"line":183,"column":28}},"105":{"start":{"line":186,"column":0},"end":{"line":189,"column":3}},"106":{"start":{"line":187,"column":17},"end":{"line":187,"column":74}},"107":{"start":{"line":188,"column":2},"end":{"line":188,"column":28}},"108":{"start":{"line":191,"column":0},"end":{"line":194,"column":3}},"109":{"start":{"line":192,"column":18},"end":{"line":192,"column":71}},"110":{"start":{"line":193,"column":2},"end":{"line":193,"column":45}},"111":{"start":{"line":196,"column":0},"end":{"line":196,"column":33}}},"fnMap":{"0":{"name":"returnJourney","decl":{"start":{"line":19,"column":9},"end":{"line":19,"column":22}},"loc":{"start":{"line":19,"column":51},"end":{"line":27,"column":1}},"line":19},"1":{"name":"returnConfig","decl":{"start":{"line":29,"column":9},"end":{"line":29,"column":21}},"loc":{"start":{"line":29,"column":40},"end":{"line":42,"column":1}},"line":29},"2":{"name":"(anonymous_2)","decl":{"start":{"line":45,"column":10},"end":{"line":45,"column":11}},"loc":{"start":{"line":45,"column":30},"end":{"line":67,"column":5}},"line":45},"3":{"name":"(anonymous_3)","decl":{"start":{"line":69,"column":32},"end":{"line":69,"column":33}},"loc":{"start":{"line":69,"column":51},"end":{"line":88,"column":1}},"line":69},"4":{"name":"(anonymous_4)","decl":{"start":{"line":81,"column":39},"end":{"line":81,"column":40}},"loc":{"start":{"line":81,"column":52},"end":{"line":86,"column":3}},"line":81},"5":{"name":"(anonymous_5)","decl":{"start":{"line":90,"column":24},"end":{"line":90,"column":25}},"loc":{"start":{"line":90,"column":44},"end":{"line":115,"column":1}},"line":90},"6":{"name":"(anonymous_6)","decl":{"start":{"line":117,"column":34},"end":{"line":117,"column":35}},"loc":{"start":{"line":117,"column":54},"end":{"line":121,"column":1}},"line":117},"7":{"name":"(anonymous_7)","decl":{"start":{"line":123,"column":35},"end":{"line":123,"column":36}},"loc":{"start":{"line":123,"column":55},"end":{"line":142,"column":1}},"line":123},"8":{"name":"(anonymous_8)","decl":{"start":{"line":144,"column":35},"end":{"line":144,"column":36}},"loc":{"start":{"line":144,"column":55},"end":{"line":162,"column":1}},"line":144},"9":{"name":"(anonymous_9)","decl":{"start":{"line":164,"column":35},"end":{"line":164,"column":36}},"loc":{"start":{"line":164,"column":55},"end":{"line":172,"column":1}},"line":164},"10":{"name":"(anonymous_10)","decl":{"start":{"line":175,"column":29},"end":{"line":175,"column":30}},"loc":{"start":{"line":175,"column":49},"end":{"line":179,"column":1}},"line":175},"11":{"name":"(anonymous_11)","decl":{"start":{"line":181,"column":35},"end":{"line":181,"column":36}},"loc":{"start":{"line":181,"column":55},"end":{"line":184,"column":1}},"line":181},"12":{"name":"(anonymous_12)","decl":{"start":{"line":186,"column":37},"end":{"line":186,"column":38}},"loc":{"start":{"line":186,"column":57},"end":{"line":189,"column":1}},"line":186},"13":{"name":"(anonymous_13)","decl":{"start":{"line":191,"column":32},"end":{"line":191,"column":33}},"loc":{"start":{"line":191,"column":52},"end":{"line":194,"column":1}},"line":191}},"branchMap":{"0":{"loc":{"start":{"line":20,"column":2},"end":{"line":24,"column":3}},"type":"if","locations":[{"start":{"line":20,"column":2},"end":{"line":24,"column":3}},{"start":{},"end":{}}],"line":20},"1":{"loc":{"start":{"line":30,"column":2},"end":{"line":34,"column":3}},"type":"if","locations":[{"start":{"line":30,"column":2},"end":{"line":34,"column":3}},{"start":{},"end":{}}],"line":30},"2":{"loc":{"start":{"line":71,"column":2},"end":{"line":74,"column":3}},"type":"if","locations":[{"start":{"line":71,"column":2},"end":{"line":74,"column":3}},{"start":{},"end":{}}],"line":71},"3":{"loc":{"start":{"line":82,"column":4},"end":{"line":85,"column":5}},"type":"if","locations":[{"start":{"line":82,"column":4},"end":{"line":85,"column":5}},{"start":{},"end":{}}],"line":82},"4":{"loc":{"start":{"line":130,"column":2},"end":{"line":141,"column":3}},"type":"if","locations":[{"start":{"line":130,"column":2},"end":{"line":141,"column":3}},{"start":{"line":133,"column":9},"end":{"line":141,"column":3}}],"line":130},"5":{"loc":{"start":{"line":133,"column":9},"end":{"line":141,"column":3}},"type":"if","locations":[{"start":{"line":133,"column":9},"end":{"line":141,"column":3}},{"start":{"line":137,"column":9},"end":{"line":141,"column":3}}],"line":133},"6":{"loc":{"start":{"line":151,"column":2},"end":{"line":161,"column":3}},"type":"if","locations":[{"start":{"line":151,"column":2},"end":{"line":161,"column":3}},{"start":{"line":154,"column":9},"end":{"line":161,"column":3}}],"line":151},"7":{"loc":{"start":{"line":154,"column":9},"end":{"line":161,"column":3}},"type":"if","locations":[{"start":{"line":154,"column":9},"end":{"line":161,"column":3}},{"start":{"line":158,"column":9},"end":{"line":161,"column":3}}],"line":154}},"s":{"0":1,"1":1,"2":1,"3":1,"4":1,"5":1,"6":1,"7":1,"8":1,"9":1,"10":1,"11":1,"12":1,"13":1,"14":8,"15":1,"16":1,"17":1,"18":7,"19":7,"20":4,"21":2,"22":2,"23":2,"24":2,"25":2,"26":1,"27":1,"28":1,"29":1,"30":1,"31":1,"32":1,"33":1,"34":1,"35":1,"36":1,"37":1,"38":1,"39":0,"40":1,"41":1,"42":1,"43":0,"44":0,"45":1,"46":1,"47":1,"48":1,"49":1,"50":1,"51":1,"52":2,"53":1,"54":1,"55":1,"56":0,"57":0,"58":0,"59":0,"60":0,"61":0,"62":0,"63":0,"64":0,"65":0,"66":0,"67":0,"68":1,"69":1,"70":1,"71":1,"72":2,"73":2,"74":2,"75":0,"76":0,"77":2,"78":1,"79":1,"80":1,"81":1,"82":1,"83":1,"84":2,"85":2,"86":2,"87":0,"88":0,"89":2,"90":1,"91":1,"92":1,"93":1,"94":1,"95":1,"96":1,"97":1,"98":1,"99":1,"100":1,"101":1,"102":1,"103":1,"104":1,"105":1,"106":3,"107":3,"108":1,"109":2,"110":2,"111":1},"f":{"0":8,"1":4,"2":1,"3":1,"4":2,"5":0,"6":1,"7":2,"8":2,"9":1,"10":1,"11":1,"12":3,"13":2},"b":{"0":[1,7],"1":[2,2],"2":[0,1],"3":[1,1],"4":[0,2],"5":[1,1],"6":[0,2],"7":[1,1]},"_coverageSchema":"1a1c01bbd47fc00a2c39e90264f33305004495a9","hash":"a8a2df11550ea360e79d5e3edbdb6688791fbe51"}
,"/home/sol/Documents/journey-service/test/testDatabase/testDatabase.js": {"path":"/home/sol/Documents/journey-service/test/testDatabase/testDatabase.js","statementMap":{"0":{"start":{"line":1,"column":19},"end":{"line":1,"column":38}},"1":{"start":{"line":2,"column":28},"end":{"line":2,"column":60}},"2":{"start":{"line":4,"column":12},"end":{"line":4,"column":16}},"3":{"start":{"line":6,"column":18},"end":{"line":14,"column":1}},"4":{"start":{"line":7,"column":2},"end":{"line":7,"column":43}},"5":{"start":{"line":8,"column":14},"end":{"line":8,"column":28}},"6":{"start":{"line":10,"column":2},"end":{"line":13,"column":5}},"7":{"start":{"line":17,"column":15},"end":{"line":23,"column":1}},"8":{"start":{"line":18,"column":2},"end":{"line":22,"column":3}},"9":{"start":{"line":19,"column":4},"end":{"line":19,"column":45}},"10":{"start":{"line":20,"column":4},"end":{"line":20,"column":38}},"11":{"start":{"line":21,"column":4},"end":{"line":21,"column":23}},"12":{"start":{"line":25,"column":24},"end":{"line":32,"column":1}},"13":{"start":{"line":26,"column":2},"end":{"line":31,"column":3}},"14":{"start":{"line":27,"column":24},"end":{"line":27,"column":66}},"15":{"start":{"line":28,"column":4},"end":{"line":30,"column":5}},"16":{"start":{"line":29,"column":6},"end":{"line":29,"column":32}},"17":{"start":{"line":34,"column":0},"end":{"line":38,"column":2}}},"fnMap":{"0":{"name":"(anonymous_0)","decl":{"start":{"line":6,"column":18},"end":{"line":6,"column":19}},"loc":{"start":{"line":6,"column":30},"end":{"line":14,"column":1}},"line":6},"1":{"name":"(anonymous_1)","decl":{"start":{"line":17,"column":15},"end":{"line":17,"column":16}},"loc":{"start":{"line":17,"column":27},"end":{"line":23,"column":1}},"line":17},"2":{"name":"(anonymous_2)","decl":{"start":{"line":25,"column":24},"end":{"line":25,"column":25}},"loc":{"start":{"line":25,"column":36},"end":{"line":32,"column":1}},"line":25}},"branchMap":{"0":{"loc":{"start":{"line":18,"column":2},"end":{"line":22,"column":3}},"type":"if","locations":[{"start":{"line":18,"column":2},"end":{"line":22,"column":3}},{"start":{},"end":{}}],"line":18},"1":{"loc":{"start":{"line":26,"column":2},"end":{"line":31,"column":3}},"type":"if","locations":[{"start":{"line":26,"column":2},"end":{"line":31,"column":3}},{"start":{},"end":{}}],"line":26}},"s":{"0":3,"1":3,"2":3,"3":3,"4":3,"5":3,"6":3,"7":3,"8":3,"9":3,"10":3,"11":3,"12":3,"13":29,"14":29,"15":29,"16":44,"17":3},"f":{"0":3,"1":3,"2":29},"b":{"0":[3,0],"1":[29,0]},"_coverageSchema":"1a1c01bbd47fc00a2c39e90264f33305004495a9","hash":"b5f002e5e82f2b54826e3915f7cf13f31ad96891"}
,"/home/sol/Documents/journey-service/utils/logger.js": {"path":"/home/sol/Documents/journey-service/utils/logger.js","statementMap":{"0":{"start":{"line":1,"column":16},"end":{"line":1,"column":30}},"1":{"start":{"line":2,"column":43},"end":{"line":2,"column":61}},"2":{"start":{"line":3,"column":54},"end":{"line":3,"column":60}},"3":{"start":{"line":7,"column":15},"end":{"line":26,"column":2}},"4":{"start":{"line":15,"column":23},"end":{"line":15,"column":75}},"5":{"start":{"line":28,"column":0},"end":{"line":28,"column":24}}},"fnMap":{"0":{"name":"(anonymous_0)","decl":{"start":{"line":15,"column":13},"end":{"line":15,"column":14}},"loc":{"start":{"line":15,"column":23},"end":{"line":15,"column":75}},"line":15}},"branchMap":{},"s":{"0":1,"1":1,"2":1,"3":1,"4":16,"5":1},"f":{"0":16},"b":{},"_coverageSchema":"1a1c01bbd47fc00a2c39e90264f33305004495a9","hash":"1e0eebb7abd35850ea48809ecacd945324afe59d"}
}
