{"/home/sol/Documents/journey-service/app.js": {"path":"/home/sol/Documents/journey-service/app.js","statementMap":{"0":{"start":{"line":1,"column":16},"end":{"line":1,"column":34}},"1":{"start":{"line":2,"column":13},"end":{"line":2,"column":28}},"2":{"start":{"line":3,"column":12},"end":{"line":3,"column":21}},"3":{"start":{"line":4,"column":15},"end":{"line":4,"column":34}},"4":{"start":{"line":5,"column":19},"end":{"line":5,"column":41}},"5":{"start":{"line":6,"column":18},"end":{"line":6,"column":47}},"6":{"start":{"line":7,"column":26},"end":{"line":7,"column":51}},"7":{"start":{"line":8,"column":20},"end":{"line":8,"column":45}},"8":{"start":{"line":10,"column":18},"end":{"line":14,"column":1}},"9":{"start":{"line":16,"column":0},"end":{"line":16,"column":16}},"10":{"start":{"line":17,"column":0},"end":{"line":17,"column":27}},"11":{"start":{"line":18,"column":0},"end":{"line":22,"column":2}},"12":{"start":{"line":23,"column":0},"end":{"line":23,"column":64}},"13":{"start":{"line":24,"column":0},"end":{"line":24,"column":42}},"14":{"start":{"line":27,"column":0},"end":{"line":30,"column":3}},"15":{"start":{"line":29,"column":2},"end":{"line":29,"column":24}},"16":{"start":{"line":32,"column":0},"end":{"line":32,"column":23}}},"fnMap":{"0":{"name":"(anonymous_0)","decl":{"start":{"line":27,"column":13},"end":{"line":27,"column":14}},"loc":{"start":{"line":27,"column":27},"end":{"line":30,"column":1}},"line":27}},"branchMap":{},"s":{"0":1,"1":1,"2":1,"3":1,"4":1,"5":1,"6":1,"7":1,"8":1,"9":1,"10":1,"11":1,"12":1,"13":1,"14":1,"15":0,"16":1},"f":{"0":0},"b":{},"_coverageSchema":"1a1c01bbd47fc00a2c39e90264f33305004495a9","hash":"fc962fd6b07f07a6d19d3652124059156b514c96"}
,"/home/sol/Documents/journey-service/database/configurationSchema.js": {"path":"/home/sol/Documents/journey-service/database/configurationSchema.js","statementMap":{"0":{"start":{"line":1,"column":17},"end":{"line":1,"column":36}},"1":{"start":{"line":2,"column":17},"end":{"line":2,"column":25}},"2":{"start":{"line":4,"column":28},"end":{"line":13,"column":2}},"3":{"start":{"line":15,"column":27},"end":{"line":15,"column":79}},"4":{"start":{"line":17,"column":0},"end":{"line":17,"column":38}}},"fnMap":{},"branchMap":{},"s":{"0":2,"1":2,"2":2,"3":2,"4":2},"f":{},"b":{},"_coverageSchema":"1a1c01bbd47fc00a2c39e90264f33305004495a9","hash":"2c07cf4a4f3287414c03d0d1faeb953fb08223e6"}
,"/home/sol/Documents/journey-service/database/journeySchema.js": {"path":"/home/sol/Documents/journey-service/database/journeySchema.js","statementMap":{"0":{"start":{"line":1,"column":17},"end":{"line":1,"column":36}},"1":{"start":{"line":2,"column":17},"end":{"line":2,"column":25}},"2":{"start":{"line":6,"column":22},"end":{"line":18,"column":2}},"3":{"start":{"line":22,"column":21},"end":{"line":22,"column":61}},"4":{"start":{"line":24,"column":0},"end":{"line":24,"column":32}}},"fnMap":{},"branchMap":{},"s":{"0":2,"1":2,"2":2,"3":2,"4":2},"f":{},"b":{},"_coverageSchema":"1a1c01bbd47fc00a2c39e90264f33305004495a9","hash":"25a12cbfe85bc6127f0bad528100691c7772fc02"}
,"/home/sol/Documents/journey-service/errors/invalid_distance.js": {"path":"/home/sol/Documents/journey-service/errors/invalid_distance.js","statementMap":{"0":{"start":{"line":3,"column":4},"end":{"line":3,"column":19}},"1":{"start":{"line":4,"column":4},"end":{"line":4,"column":39}},"2":{"start":{"line":5,"column":4},"end":{"line":5,"column":20}},"3":{"start":{"line":11,"column":4},"end":{"line":11,"column":19}},"4":{"start":{"line":12,"column":4},"end":{"line":12,"column":36}},"5":{"start":{"line":13,"column":4},"end":{"line":13,"column":20}},"6":{"start":{"line":17,"column":0},"end":{"line":17,"column":59}}},"fnMap":{"0":{"name":"(anonymous_0)","decl":{"start":{"line":2,"column":2},"end":{"line":2,"column":3}},"loc":{"start":{"line":2,"column":23},"end":{"line":6,"column":3}},"line":2},"1":{"name":"(anonymous_1)","decl":{"start":{"line":10,"column":2},"end":{"line":10,"column":3}},"loc":{"start":{"line":10,"column":23},"end":{"line":14,"column":3}},"line":10}},"branchMap":{},"s":{"0":1,"1":1,"2":1,"3":2,"4":2,"5":2,"6":3},"f":{"0":1,"1":2},"b":{},"_coverageSchema":"1a1c01bbd47fc00a2c39e90264f33305004495a9","hash":"143e5f3394f7324450eea30cea86b8681c7f6761"}
,"/home/sol/Documents/journey-service/model/auth.js": {"path":"/home/sol/Documents/journey-service/model/auth.js","statementMap":{"0":{"start":{"line":1,"column":28},"end":{"line":1,"column":65}},"1":{"start":{"line":5,"column":15},"end":{"line":5,"column":33}},"2":{"start":{"line":6,"column":19},"end":{"line":6,"column":39}},"3":{"start":{"line":7,"column":18},"end":{"line":7,"column":33}},"4":{"start":{"line":9,"column":4},"end":{"line":11,"column":5}},"5":{"start":{"line":10,"column":6},"end":{"line":10,"column":52}},"6":{"start":{"line":12,"column":4},"end":{"line":12,"column":20}},"7":{"start":{"line":15,"column":0},"end":{"line":15,"column":24}}},"fnMap":{"0":{"name":"(anonymous_0)","decl":{"start":{"line":4,"column":2},"end":{"line":4,"column":3}},"loc":{"start":{"line":4,"column":16},"end":{"line":13,"column":3}},"line":4}},"branchMap":{"0":{"loc":{"start":{"line":9,"column":4},"end":{"line":11,"column":5}},"type":"if","locations":[{"start":{"line":9,"column":4},"end":{"line":11,"column":5}},{"start":{},"end":{}}],"line":9}},"s":{"0":2,"1":3,"2":3,"3":3,"4":3,"5":2,"6":1,"7":2},"f":{"0":3},"b":{"0":[2,1]},"_coverageSchema":"1a1c01bbd47fc00a2c39e90264f33305004495a9","hash":"1fa5c244720533b63bb4697066277215db8a8b19"}
,"/home/sol/Documents/journey-service/model/configurationRepository.js": {"path":"/home/sol/Documents/journey-service/model/configurationRepository.js","statementMap":{"0":{"start":{"line":1,"column":29},"end":{"line":1,"column":71}},"1":{"start":{"line":6,"column":19},"end":{"line":10,"column":10}},"2":{"start":{"line":9,"column":10},"end":{"line":9,"column":27}},"3":{"start":{"line":12,"column":4},"end":{"line":12,"column":18}},"4":{"start":{"line":16,"column":19},"end":{"line":16,"column":55}},"5":{"start":{"line":17,"column":4},"end":{"line":17,"column":18}},"6":{"start":{"line":21,"column":36},"end":{"line":21,"column":72}},"7":{"start":{"line":22,"column":4},"end":{"line":24,"column":5}},"8":{"start":{"line":23,"column":6},"end":{"line":23,"column":53}},"9":{"start":{"line":26,"column":19},"end":{"line":26,"column":53}},"10":{"start":{"line":28,"column":4},"end":{"line":34,"column":5}},"11":{"start":{"line":29,"column":6},"end":{"line":29,"column":26}},"12":{"start":{"line":30,"column":6},"end":{"line":30,"column":56}},"13":{"start":{"line":32,"column":6},"end":{"line":32,"column":18}},"14":{"start":{"line":33,"column":6},"end":{"line":33,"column":25}},"15":{"start":{"line":35,"column":4},"end":{"line":35,"column":18}},"16":{"start":{"line":39,"column":0},"end":{"line":39,"column":43}}},"fnMap":{"0":{"name":"(anonymous_0)","decl":{"start":{"line":5,"column":2},"end":{"line":5,"column":3}},"loc":{"start":{"line":5,"column":34},"end":{"line":13,"column":3}},"line":5},"1":{"name":"(anonymous_1)","decl":{"start":{"line":8,"column":23},"end":{"line":8,"column":24}},"loc":{"start":{"line":8,"column":37},"end":{"line":10,"column":9}},"line":8},"2":{"name":"(anonymous_2)","decl":{"start":{"line":15,"column":2},"end":{"line":15,"column":3}},"loc":{"start":{"line":15,"column":27},"end":{"line":18,"column":3}},"line":15},"3":{"name":"(anonymous_3)","decl":{"start":{"line":20,"column":2},"end":{"line":20,"column":3}},"loc":{"start":{"line":20,"column":37},"end":{"line":36,"column":3}},"line":20}},"branchMap":{"0":{"loc":{"start":{"line":22,"column":4},"end":{"line":24,"column":5}},"type":"if","locations":[{"start":{"line":22,"column":4},"end":{"line":24,"column":5}},{"start":{},"end":{}}],"line":22}},"s":{"0":2,"1":6,"2":0,"3":6,"4":5,"5":5,"6":3,"7":3,"8":1,"9":2,"10":2,"11":2,"12":2,"13":0,"14":0,"15":2,"16":2},"f":{"0":6,"1":0,"2":5,"3":3},"b":{"0":[1,2]},"_coverageSchema":"1a1c01bbd47fc00a2c39e90264f33305004495a9","hash":"6a2bebff74b1da4de63130e6f95d2ebeea139c8d"}
,"/home/sol/Documents/journey-service/model/distanceCalculator.js": {"path":"/home/sol/Documents/journey-service/model/distanceCalculator.js","statementMap":{"0":{"start":{"line":3,"column":4},"end":{"line":26,"column":5}},"1":{"start":{"line":4,"column":6},"end":{"line":4,"column":15}},"2":{"start":{"line":6,"column":22},"end":{"line":6,"column":40}},"3":{"start":{"line":7,"column":22},"end":{"line":7,"column":40}},"4":{"start":{"line":8,"column":20},"end":{"line":8,"column":29}},"5":{"start":{"line":9,"column":23},"end":{"line":9,"column":42}},"6":{"start":{"line":12,"column":17},"end":{"line":12,"column":115}},"7":{"start":{"line":13,"column":6},"end":{"line":15,"column":7}},"8":{"start":{"line":14,"column":8},"end":{"line":14,"column":17}},"9":{"start":{"line":16,"column":6},"end":{"line":16,"column":29}},"10":{"start":{"line":17,"column":6},"end":{"line":17,"column":32}},"11":{"start":{"line":18,"column":6},"end":{"line":18,"column":32}},"12":{"start":{"line":19,"column":6},"end":{"line":21,"column":7}},"13":{"start":{"line":20,"column":8},"end":{"line":20,"column":31}},"14":{"start":{"line":22,"column":6},"end":{"line":24,"column":7}},"15":{"start":{"line":23,"column":8},"end":{"line":23,"column":29}},"16":{"start":{"line":25,"column":6},"end":{"line":25,"column":18}},"17":{"start":{"line":30,"column":21},"end":{"line":30,"column":70}},"18":{"start":{"line":31,"column":4},"end":{"line":33,"column":5}},"19":{"start":{"line":32,"column":6},"end":{"line":32,"column":18}},"20":{"start":{"line":34,"column":4},"end":{"line":34,"column":16}},"21":{"start":{"line":37,"column":0},"end":{"line":37,"column":38}}},"fnMap":{"0":{"name":"(anonymous_0)","decl":{"start":{"line":2,"column":2},"end":{"line":2,"column":3}},"loc":{"start":{"line":2,"column":42},"end":{"line":27,"column":3}},"line":2},"1":{"name":"(anonymous_1)","decl":{"start":{"line":29,"column":2},"end":{"line":29,"column":3}},"loc":{"start":{"line":29,"column":41},"end":{"line":35,"column":3}},"line":29}},"branchMap":{"0":{"loc":{"start":{"line":3,"column":4},"end":{"line":26,"column":5}},"type":"if","locations":[{"start":{"line":3,"column":4},"end":{"line":26,"column":5}},{"start":{"line":5,"column":11},"end":{"line":26,"column":5}}],"line":3},"1":{"loc":{"start":{"line":3,"column":8},"end":{"line":3,"column":40}},"type":"binary-expr","locations":[{"start":{"line":3,"column":9},"end":{"line":3,"column":21}},{"start":{"line":3,"column":27},"end":{"line":3,"column":39}}],"line":3},"2":{"loc":{"start":{"line":13,"column":6},"end":{"line":15,"column":7}},"type":"if","locations":[{"start":{"line":13,"column":6},"end":{"line":15,"column":7}},{"start":{},"end":{}}],"line":13},"3":{"loc":{"start":{"line":19,"column":6},"end":{"line":21,"column":7}},"type":"if","locations":[{"start":{"line":19,"column":6},"end":{"line":21,"column":7}},{"start":{},"end":{}}],"line":19},"4":{"loc":{"start":{"line":22,"column":6},"end":{"line":24,"column":7}},"type":"if","locations":[{"start":{"line":22,"column":6},"end":{"line":24,"column":7}},{"start":{},"end":{}}],"line":22},"5":{"loc":{"start":{"line":31,"column":4},"end":{"line":33,"column":5}},"type":"if","locations":[{"start":{"line":31,"column":4},"end":{"line":33,"column":5}},{"start":{},"end":{}}],"line":31}},"s":{"0":2,"1":0,"2":2,"3":2,"4":2,"5":2,"6":2,"7":2,"8":0,"9":2,"10":2,"11":2,"12":2,"13":2,"14":2,"15":0,"16":2,"17":2,"18":2,"19":1,"20":1,"21":1},"f":{"0":2,"1":2},"b":{"0":[0,2],"1":[2,0],"2":[0,2],"3":[2,0],"4":[0,2],"5":[1,1]},"_coverageSchema":"1a1c01bbd47fc00a2c39e90264f33305004495a9","hash":"65ffc1d1f85de0a485800d9385a2a6569ed81514"}
,"/home/sol/Documents/journey-service/model/journeyManager.js": {"path":"/home/sol/Documents/journey-service/model/journeyManager.js","statementMap":{"0":{"start":{"line":1,"column":15},"end":{"line":1,"column":41}},"1":{"start":{"line":2,"column":19},"end":{"line":2,"column":47}},"2":{"start":{"line":3,"column":26},"end":{"line":3,"column":61}},"3":{"start":{"line":4,"column":29},"end":{"line":4,"column":67}},"4":{"start":{"line":10,"column":8},"end":{"line":10,"column":51}},"5":{"start":{"line":11,"column":8},"end":{"line":11,"column":63}},"6":{"start":{"line":15,"column":30},"end":{"line":15,"column":83}},"7":{"start":{"line":16,"column":25},"end":{"line":16,"column":56}},"8":{"start":{"line":17,"column":32},"end":{"line":17,"column":97}},"9":{"start":{"line":18,"column":22},"end":{"line":18,"column":49}},"10":{"start":{"line":20,"column":31},"end":{"line":20,"column":35}},"11":{"start":{"line":21,"column":8},"end":{"line":35,"column":9}},"12":{"start":{"line":22,"column":30},"end":{"line":28,"column":14}},"13":{"start":{"line":29,"column":12},"end":{"line":29,"column":43}},"14":{"start":{"line":30,"column":27},"end":{"line":30,"column":49}},"15":{"start":{"line":31,"column":12},"end":{"line":31,"column":45}},"16":{"start":{"line":32,"column":12},"end":{"line":32,"column":37}},"17":{"start":{"line":34,"column":12},"end":{"line":34,"column":29}},"18":{"start":{"line":36,"column":8},"end":{"line":36,"column":31}},"19":{"start":{"line":40,"column":25},"end":{"line":40,"column":87}},"20":{"start":{"line":41,"column":30},"end":{"line":41,"column":83}},"21":{"start":{"line":42,"column":25},"end":{"line":42,"column":66}},"22":{"start":{"line":43,"column":35},"end":{"line":43,"column":59}},"23":{"start":{"line":44,"column":29},"end":{"line":49,"column":10}},"24":{"start":{"line":45,"column":12},"end":{"line":48,"column":13}},"25":{"start":{"line":47,"column":12},"end":{"line":47,"column":27}},"26":{"start":{"line":50,"column":8},"end":{"line":50,"column":27}},"27":{"start":{"line":54,"column":28},"end":{"line":57,"column":11}},"28":{"start":{"line":58,"column":24},"end":{"line":59,"column":52}},"29":{"start":{"line":60,"column":10},"end":{"line":60,"column":24}},"30":{"start":{"line":64,"column":28},"end":{"line":67,"column":11}},"31":{"start":{"line":69,"column":24},"end":{"line":69,"column":78}},"32":{"start":{"line":70,"column":10},"end":{"line":78,"column":11}},"33":{"start":{"line":71,"column":12},"end":{"line":71,"column":45}},"34":{"start":{"line":72,"column":17},"end":{"line":78,"column":11}},"35":{"start":{"line":74,"column":12},"end":{"line":74,"column":93}},"36":{"start":{"line":76,"column":12},"end":{"line":76,"column":52}},"37":{"start":{"line":77,"column":12},"end":{"line":77,"column":37}},"38":{"start":{"line":79,"column":10},"end":{"line":79,"column":24}},"39":{"start":{"line":83,"column":28},"end":{"line":85,"column":11}},"40":{"start":{"line":87,"column":24},"end":{"line":87,"column":78}},"41":{"start":{"line":89,"column":10},"end":{"line":96,"column":11}},"42":{"start":{"line":90,"column":12},"end":{"line":90,"column":45}},"43":{"start":{"line":91,"column":17},"end":{"line":96,"column":11}},"44":{"start":{"line":93,"column":12},"end":{"line":93,"column":93}},"45":{"start":{"line":95,"column":12},"end":{"line":95,"column":61}},"46":{"start":{"line":97,"column":10},"end":{"line":97,"column":24}},"47":{"start":{"line":101,"column":28},"end":{"line":104,"column":11}},"48":{"start":{"line":105,"column":26},"end":{"line":106,"column":56}},"49":{"start":{"line":107,"column":10},"end":{"line":107,"column":24}},"50":{"start":{"line":111,"column":0},"end":{"line":111,"column":34}}},"fnMap":{"0":{"name":"(anonymous_0)","decl":{"start":{"line":9,"column":4},"end":{"line":9,"column":5}},"loc":{"start":{"line":9,"column":60},"end":{"line":12,"column":7}},"line":9},"1":{"name":"(anonymous_1)","decl":{"start":{"line":14,"column":4},"end":{"line":14,"column":5}},"loc":{"start":{"line":14,"column":76},"end":{"line":37,"column":5}},"line":14},"2":{"name":"(anonymous_2)","decl":{"start":{"line":39,"column":4},"end":{"line":39,"column":5}},"loc":{"start":{"line":39,"column":61},"end":{"line":51,"column":5}},"line":39},"3":{"name":"(anonymous_3)","decl":{"start":{"line":44,"column":45},"end":{"line":44,"column":46}},"loc":{"start":{"line":44,"column":58},"end":{"line":49,"column":9}},"line":44},"4":{"name":"(anonymous_4)","decl":{"start":{"line":53,"column":4},"end":{"line":53,"column":5}},"loc":{"start":{"line":53,"column":34},"end":{"line":61,"column":5}},"line":53},"5":{"name":"(anonymous_5)","decl":{"start":{"line":63,"column":4},"end":{"line":63,"column":5}},"loc":{"start":{"line":63,"column":49},"end":{"line":80,"column":5}},"line":63},"6":{"name":"(anonymous_6)","decl":{"start":{"line":82,"column":4},"end":{"line":82,"column":5}},"loc":{"start":{"line":82,"column":34},"end":{"line":98,"column":5}},"line":82},"7":{"name":"(anonymous_7)","decl":{"start":{"line":100,"column":4},"end":{"line":100,"column":5}},"loc":{"start":{"line":100,"column":34},"end":{"line":108,"column":5}},"line":100}},"branchMap":{"0":{"loc":{"start":{"line":45,"column":12},"end":{"line":48,"column":13}},"type":"if","locations":[{"start":{"line":45,"column":12},"end":{"line":48,"column":13}},{"start":{},"end":{}}],"line":45},"1":{"loc":{"start":{"line":70,"column":10},"end":{"line":78,"column":11}},"type":"if","locations":[{"start":{"line":70,"column":10},"end":{"line":78,"column":11}},{"start":{"line":72,"column":17},"end":{"line":78,"column":11}}],"line":70},"2":{"loc":{"start":{"line":72,"column":17},"end":{"line":78,"column":11}},"type":"if","locations":[{"start":{"line":72,"column":17},"end":{"line":78,"column":11}},{"start":{"line":75,"column":17},"end":{"line":78,"column":11}}],"line":72},"3":{"loc":{"start":{"line":89,"column":10},"end":{"line":96,"column":11}},"type":"if","locations":[{"start":{"line":89,"column":10},"end":{"line":96,"column":11}},{"start":{"line":91,"column":17},"end":{"line":96,"column":11}}],"line":89},"4":{"loc":{"start":{"line":91,"column":17},"end":{"line":96,"column":11}},"type":"if","locations":[{"start":{"line":91,"column":17},"end":{"line":96,"column":11}},{"start":{"line":94,"column":17},"end":{"line":96,"column":11}}],"line":91}},"s":{"0":1,"1":1,"2":1,"3":1,"4":1,"5":1,"6":0,"7":0,"8":0,"9":0,"10":0,"11":0,"12":0,"13":0,"14":0,"15":0,"16":0,"17":0,"18":0,"19":1,"20":1,"21":1,"22":1,"23":1,"24":2,"25":1,"26":1,"27":1,"28":1,"29":1,"30":2,"31":2,"32":2,"33":0,"34":2,"35":1,"36":1,"37":1,"38":2,"39":2,"40":2,"41":2,"42":0,"43":2,"44":1,"45":1,"46":2,"47":1,"48":1,"49":1,"50":1},"f":{"0":1,"1":0,"2":1,"3":2,"4":1,"5":2,"6":2,"7":1},"b":{"0":[1,1],"1":[0,2],"2":[1,1],"3":[0,2],"4":[1,1]},"_coverageSchema":"1a1c01bbd47fc00a2c39e90264f33305004495a9","hash":"11b1f8242187c0fd209d28ef93c889e30dc7e01d"}
,"/home/sol/Documents/journey-service/model/journeyRepository.js": {"path":"/home/sol/Documents/journey-service/model/journeyRepository.js","statementMap":{"0":{"start":{"line":1,"column":23},"end":{"line":1,"column":59}},"1":{"start":{"line":6,"column":20},"end":{"line":10,"column":6}},"2":{"start":{"line":7,"column":6},"end":{"line":7,"column":17}},"3":{"start":{"line":9,"column":6},"end":{"line":9,"column":23}},"4":{"start":{"line":12,"column":4},"end":{"line":12,"column":19}},"5":{"start":{"line":16,"column":4},"end":{"line":16,"column":37}},"6":{"start":{"line":21,"column":4},"end":{"line":21,"column":55}},"7":{"start":{"line":25,"column":20},"end":{"line":26,"column":56}},"8":{"start":{"line":27,"column":4},"end":{"line":27,"column":19}},"9":{"start":{"line":31,"column":0},"end":{"line":31,"column":37}}},"fnMap":{"0":{"name":"(anonymous_0)","decl":{"start":{"line":5,"column":2},"end":{"line":5,"column":3}},"loc":{"start":{"line":5,"column":27},"end":{"line":13,"column":3}},"line":5},"1":{"name":"(anonymous_1)","decl":{"start":{"line":6,"column":52},"end":{"line":6,"column":53}},"loc":{"start":{"line":6,"column":66},"end":{"line":8,"column":5}},"line":6},"2":{"name":"(anonymous_2)","decl":{"start":{"line":8,"column":21},"end":{"line":8,"column":22}},"loc":{"start":{"line":8,"column":35},"end":{"line":10,"column":5}},"line":8},"3":{"name":"(anonymous_3)","decl":{"start":{"line":15,"column":2},"end":{"line":15,"column":3}},"loc":{"start":{"line":15,"column":22},"end":{"line":17,"column":3}},"line":15},"4":{"name":"(anonymous_4)","decl":{"start":{"line":20,"column":2},"end":{"line":20,"column":3}},"loc":{"start":{"line":20,"column":37},"end":{"line":22,"column":3}},"line":20},"5":{"name":"(anonymous_5)","decl":{"start":{"line":24,"column":2},"end":{"line":24,"column":3}},"loc":{"start":{"line":24,"column":43},"end":{"line":28,"column":3}},"line":24}},"branchMap":{},"s":{"0":2,"1":8,"2":8,"3":0,"4":8,"5":2,"6":1,"7":9,"8":9,"9":2},"f":{"0":8,"1":8,"2":0,"3":2,"4":1,"5":9},"b":{},"_coverageSchema":"1a1c01bbd47fc00a2c39e90264f33305004495a9","hash":"d908713e909d5264d757fabd9c569a4d186e3899"}
,"/home/sol/Documents/journey-service/model/modality.js": {"path":"/home/sol/Documents/journey-service/model/modality.js","statementMap":{"0":{"start":{"line":4,"column":4},"end":{"line":4,"column":21}},"1":{"start":{"line":7,"column":4},"end":{"line":9,"column":5}},"2":{"start":{"line":8,"column":6},"end":{"line":8,"column":19}},"3":{"start":{"line":11,"column":4},"end":{"line":11,"column":24}},"4":{"start":{"line":15,"column":0},"end":{"line":15,"column":28}}},"fnMap":{"0":{"name":"(anonymous_0)","decl":{"start":{"line":3,"column":2},"end":{"line":3,"column":3}},"loc":{"start":{"line":3,"column":20},"end":{"line":5,"column":3}},"line":3},"1":{"name":"(anonymous_1)","decl":{"start":{"line":6,"column":2},"end":{"line":6,"column":3}},"loc":{"start":{"line":6,"column":15},"end":{"line":12,"column":3}},"line":6}},"branchMap":{"0":{"loc":{"start":{"line":7,"column":4},"end":{"line":9,"column":5}},"type":"if","locations":[{"start":{"line":7,"column":4},"end":{"line":9,"column":5}},{"start":{},"end":{}}],"line":7}},"s":{"0":5,"1":4,"2":2,"3":2,"4":2},"f":{"0":5,"1":4},"b":{"0":[2,2]},"_coverageSchema":"1a1c01bbd47fc00a2c39e90264f33305004495a9","hash":"a753713f2a57ee6e553f96ebbed17244ba509fc5"}
,"/home/sol/Documents/journey-service/model/priceCalculator.js": {"path":"/home/sol/Documents/journey-service/model/priceCalculator.js","statementMap":{"0":{"start":{"line":1,"column":31},"end":{"line":1,"column":68}},"1":{"start":{"line":5,"column":4},"end":{"line":5,"column":31}},"2":{"start":{"line":6,"column":4},"end":{"line":6,"column":29}},"3":{"start":{"line":7,"column":4},"end":{"line":7,"column":29}},"4":{"start":{"line":11,"column":4},"end":{"line":13,"column":5}},"5":{"start":{"line":12,"column":6},"end":{"line":12,"column":59}},"6":{"start":{"line":15,"column":16},"end":{"line":15,"column":46}},"7":{"start":{"line":16,"column":4},"end":{"line":16,"column":39}},"8":{"start":{"line":17,"column":4},"end":{"line":17,"column":17}},"9":{"start":{"line":21,"column":0},"end":{"line":21,"column":35}}},"fnMap":{"0":{"name":"(anonymous_0)","decl":{"start":{"line":4,"column":2},"end":{"line":4,"column":3}},"loc":{"start":{"line":4,"column":45},"end":{"line":8,"column":3}},"line":4},"1":{"name":"(anonymous_1)","decl":{"start":{"line":10,"column":2},"end":{"line":10,"column":3}},"loc":{"start":{"line":10,"column":14},"end":{"line":18,"column":3}},"line":10}},"branchMap":{"0":{"loc":{"start":{"line":11,"column":4},"end":{"line":13,"column":5}},"type":"if","locations":[{"start":{"line":11,"column":4},"end":{"line":13,"column":5}},{"start":{},"end":{}}],"line":11}},"s":{"0":2,"1":5,"2":5,"3":5,"4":5,"5":1,"6":4,"7":4,"8":4,"9":2},"f":{"0":5,"1":5},"b":{"0":[1,4]},"_coverageSchema":"1a1c01bbd47fc00a2c39e90264f33305004495a9","hash":"dd8c4ec778400b0616a6ca5a80520ec4d82390b7"}
,"/home/sol/Documents/journey-service/routes/index.js": {"path":"/home/sol/Documents/journey-service/routes/index.js","statementMap":{"0":{"start":{"line":1,"column":16},"end":{"line":1,"column":34}},"1":{"start":{"line":2,"column":25},"end":{"line":2,"column":59}},"2":{"start":{"line":3,"column":28},"end":{"line":3,"column":65}},"3":{"start":{"line":4,"column":34},"end":{"line":4,"column":77}},"4":{"start":{"line":5,"column":15},"end":{"line":5,"column":41}},"5":{"start":{"line":6,"column":26},"end":{"line":6,"column":61}},"6":{"start":{"line":7,"column":19},"end":{"line":7,"column":47}},"7":{"start":{"line":8,"column":20},"end":{"line":8,"column":45}},"8":{"start":{"line":10,"column":22},"end":{"line":10,"column":38}},"9":{"start":{"line":11,"column":26},"end":{"line":11,"column":49}},"10":{"start":{"line":12,"column":32},"end":{"line":12,"column":61}},"11":{"start":{"line":13,"column":23},"end":{"line":13,"column":85}},"12":{"start":{"line":16,"column":2},"end":{"line":20,"column":3}},"13":{"start":{"line":17,"column":4},"end":{"line":17,"column":37}},"14":{"start":{"line":18,"column":4},"end":{"line":18,"column":51}},"15":{"start":{"line":19,"column":4},"end":{"line":19,"column":11}},"16":{"start":{"line":21,"column":2},"end":{"line":21,"column":36}},"17":{"start":{"line":22,"column":2},"end":{"line":22,"column":25}},"18":{"start":{"line":26,"column":2},"end":{"line":30,"column":3}},"19":{"start":{"line":27,"column":4},"end":{"line":27,"column":41}},"20":{"start":{"line":28,"column":4},"end":{"line":28,"column":68}},"21":{"start":{"line":29,"column":4},"end":{"line":29,"column":11}},"22":{"start":{"line":32,"column":32},"end":{"line":35,"column":3}},"23":{"start":{"line":37,"column":2},"end":{"line":37,"column":39}},"24":{"start":{"line":40,"column":0},"end":{"line":63,"column":7}},"25":{"start":{"line":42,"column":23},"end":{"line":42,"column":41}},"26":{"start":{"line":43,"column":23},"end":{"line":43,"column":55}},"27":{"start":{"line":44,"column":21},"end":{"line":45,"column":29}},"28":{"start":{"line":47,"column":6},"end":{"line":47,"column":36}},"29":{"start":{"line":48,"column":30},"end":{"line":49,"column":29}},"30":{"start":{"line":50,"column":6},"end":{"line":62,"column":7}},"31":{"start":{"line":51,"column":8},"end":{"line":51,"column":39}},"32":{"start":{"line":52,"column":8},"end":{"line":52,"column":30}},"33":{"start":{"line":53,"column":8},"end":{"line":53,"column":30}},"34":{"start":{"line":55,"column":22},"end":{"line":55,"column":49}},"35":{"start":{"line":56,"column":21},"end":{"line":58,"column":9}},"36":{"start":{"line":59,"column":8},"end":{"line":59,"column":23}},"37":{"start":{"line":61,"column":8},"end":{"line":61,"column":52}},"38":{"start":{"line":65,"column":0},"end":{"line":75,"column":3}},"39":{"start":{"line":66,"column":2},"end":{"line":69,"column":3}},"40":{"start":{"line":67,"column":4},"end":{"line":67,"column":56}},"41":{"start":{"line":68,"column":4},"end":{"line":68,"column":11}},"42":{"start":{"line":70,"column":19},"end":{"line":70,"column":48}},"43":{"start":{"line":71,"column":21},"end":{"line":71,"column":32}},"44":{"start":{"line":72,"column":21},"end":{"line":72,"column":32}},"45":{"start":{"line":73,"column":23},"end":{"line":73,"column":95}},"46":{"start":{"line":74,"column":2},"end":{"line":74,"column":25}},"47":{"start":{"line":77,"column":0},"end":{"line":86,"column":3}},"48":{"start":{"line":79,"column":18},"end":{"line":80,"column":63}},"49":{"start":{"line":81,"column":2},"end":{"line":84,"column":3}},"50":{"start":{"line":82,"column":4},"end":{"line":82,"column":76}},"51":{"start":{"line":83,"column":4},"end":{"line":83,"column":10}},"52":{"start":{"line":85,"column":2},"end":{"line":85,"column":19}},"53":{"start":{"line":88,"column":0},"end":{"line":92,"column":3}},"54":{"start":{"line":90,"column":18},"end":{"line":90,"column":66}},"55":{"start":{"line":91,"column":2},"end":{"line":91,"column":41}},"56":{"start":{"line":94,"column":0},"end":{"line":103,"column":3}},"57":{"start":{"line":95,"column":22},"end":{"line":95,"column":25}},"58":{"start":{"line":96,"column":18},"end":{"line":96,"column":100}},"59":{"start":{"line":97,"column":2},"end":{"line":101,"column":3}},"60":{"start":{"line":98,"column":4},"end":{"line":98,"column":30}},"61":{"start":{"line":99,"column":8},"end":{"line":101,"column":3}},"62":{"start":{"line":100,"column":4},"end":{"line":100,"column":35}},"63":{"start":{"line":102,"column":2},"end":{"line":102,"column":45}},"64":{"start":{"line":105,"column":0},"end":{"line":115,"column":3}},"65":{"start":{"line":107,"column":22},"end":{"line":107,"column":25}},"66":{"start":{"line":108,"column":18},"end":{"line":108,"column":67}},"67":{"start":{"line":109,"column":2},"end":{"line":113,"column":3}},"68":{"start":{"line":110,"column":4},"end":{"line":110,"column":31}},"69":{"start":{"line":111,"column":8},"end":{"line":113,"column":3}},"70":{"start":{"line":112,"column":4},"end":{"line":112,"column":35}},"71":{"start":{"line":114,"column":2},"end":{"line":114,"column":45}},"72":{"start":{"line":117,"column":0},"end":{"line":124,"column":3}},"73":{"start":{"line":118,"column":22},"end":{"line":118,"column":30}},"74":{"start":{"line":119,"column":18},"end":{"line":119,"column":67}},"75":{"start":{"line":120,"column":2},"end":{"line":122,"column":3}},"76":{"start":{"line":121,"column":4},"end":{"line":121,"column":23}},"77":{"start":{"line":123,"column":2},"end":{"line":123,"column":45}},"78":{"start":{"line":127,"column":0},"end":{"line":131,"column":3}},"79":{"start":{"line":128,"column":19},"end":{"line":128,"column":56}},"80":{"start":{"line":129,"column":2},"end":{"line":129,"column":30}},"81":{"start":{"line":130,"column":2},"end":{"line":130,"column":21}},"82":{"start":{"line":133,"column":0},"end":{"line":136,"column":3}},"83":{"start":{"line":134,"column":17},"end":{"line":134,"column":73}},"84":{"start":{"line":135,"column":2},"end":{"line":135,"column":28}},"85":{"start":{"line":138,"column":0},"end":{"line":141,"column":3}},"86":{"start":{"line":139,"column":17},"end":{"line":139,"column":74}},"87":{"start":{"line":140,"column":2},"end":{"line":140,"column":28}},"88":{"start":{"line":143,"column":0},"end":{"line":146,"column":3}},"89":{"start":{"line":144,"column":18},"end":{"line":144,"column":71}},"90":{"start":{"line":145,"column":2},"end":{"line":145,"column":45}},"91":{"start":{"line":148,"column":0},"end":{"line":148,"column":33}}},"fnMap":{"0":{"name":"returnJourney","decl":{"start":{"line":15,"column":9},"end":{"line":15,"column":22}},"loc":{"start":{"line":15,"column":51},"end":{"line":23,"column":1}},"line":15},"1":{"name":"returnConfig","decl":{"start":{"line":25,"column":9},"end":{"line":25,"column":21}},"loc":{"start":{"line":25,"column":40},"end":{"line":38,"column":1}},"line":25},"2":{"name":"(anonymous_2)","decl":{"start":{"line":41,"column":9},"end":{"line":41,"column":10}},"loc":{"start":{"line":41,"column":29},"end":{"line":63,"column":5}},"line":41},"3":{"name":"(anonymous_3)","decl":{"start":{"line":65,"column":32},"end":{"line":65,"column":33}},"loc":{"start":{"line":65,"column":52},"end":{"line":75,"column":1}},"line":65},"4":{"name":"(anonymous_4)","decl":{"start":{"line":77,"column":24},"end":{"line":77,"column":25}},"loc":{"start":{"line":77,"column":44},"end":{"line":86,"column":1}},"line":77},"5":{"name":"(anonymous_5)","decl":{"start":{"line":88,"column":34},"end":{"line":88,"column":35}},"loc":{"start":{"line":88,"column":54},"end":{"line":92,"column":1}},"line":88},"6":{"name":"(anonymous_6)","decl":{"start":{"line":94,"column":35},"end":{"line":94,"column":36}},"loc":{"start":{"line":94,"column":55},"end":{"line":103,"column":1}},"line":94},"7":{"name":"(anonymous_7)","decl":{"start":{"line":105,"column":35},"end":{"line":105,"column":36}},"loc":{"start":{"line":105,"column":55},"end":{"line":115,"column":1}},"line":105},"8":{"name":"(anonymous_8)","decl":{"start":{"line":117,"column":35},"end":{"line":117,"column":36}},"loc":{"start":{"line":117,"column":55},"end":{"line":124,"column":1}},"line":117},"9":{"name":"(anonymous_9)","decl":{"start":{"line":127,"column":29},"end":{"line":127,"column":30}},"loc":{"start":{"line":127,"column":49},"end":{"line":131,"column":1}},"line":127},"10":{"name":"(anonymous_10)","decl":{"start":{"line":133,"column":35},"end":{"line":133,"column":36}},"loc":{"start":{"line":133,"column":55},"end":{"line":136,"column":1}},"line":133},"11":{"name":"(anonymous_11)","decl":{"start":{"line":138,"column":37},"end":{"line":138,"column":38}},"loc":{"start":{"line":138,"column":57},"end":{"line":141,"column":1}},"line":138},"12":{"name":"(anonymous_12)","decl":{"start":{"line":143,"column":32},"end":{"line":143,"column":33}},"loc":{"start":{"line":143,"column":52},"end":{"line":146,"column":1}},"line":143}},"branchMap":{"0":{"loc":{"start":{"line":16,"column":2},"end":{"line":20,"column":3}},"type":"if","locations":[{"start":{"line":16,"column":2},"end":{"line":20,"column":3}},{"start":{},"end":{}}],"line":16},"1":{"loc":{"start":{"line":26,"column":2},"end":{"line":30,"column":3}},"type":"if","locations":[{"start":{"line":26,"column":2},"end":{"line":30,"column":3}},{"start":{},"end":{}}],"line":26},"2":{"loc":{"start":{"line":66,"column":2},"end":{"line":69,"column":3}},"type":"if","locations":[{"start":{"line":66,"column":2},"end":{"line":69,"column":3}},{"start":{},"end":{}}],"line":66},"3":{"loc":{"start":{"line":81,"column":2},"end":{"line":84,"column":3}},"type":"if","locations":[{"start":{"line":81,"column":2},"end":{"line":84,"column":3}},{"start":{},"end":{}}],"line":81},"4":{"loc":{"start":{"line":97,"column":2},"end":{"line":101,"column":3}},"type":"if","locations":[{"start":{"line":97,"column":2},"end":{"line":101,"column":3}},{"start":{"line":99,"column":8},"end":{"line":101,"column":3}}],"line":97},"5":{"loc":{"start":{"line":97,"column":6},"end":{"line":97,"column":53}},"type":"binary-expr","locations":[{"start":{"line":97,"column":6},"end":{"line":97,"column":21}},{"start":{"line":97,"column":25},"end":{"line":97,"column":53}}],"line":97},"6":{"loc":{"start":{"line":99,"column":8},"end":{"line":101,"column":3}},"type":"if","locations":[{"start":{"line":99,"column":8},"end":{"line":101,"column":3}},{"start":{},"end":{}}],"line":99},"7":{"loc":{"start":{"line":109,"column":2},"end":{"line":113,"column":3}},"type":"if","locations":[{"start":{"line":109,"column":2},"end":{"line":113,"column":3}},{"start":{"line":111,"column":8},"end":{"line":113,"column":3}}],"line":109},"8":{"loc":{"start":{"line":109,"column":6},"end":{"line":109,"column":55}},"type":"binary-expr","locations":[{"start":{"line":109,"column":6},"end":{"line":109,"column":21}},{"start":{"line":109,"column":25},"end":{"line":109,"column":55}}],"line":109},"9":{"loc":{"start":{"line":111,"column":8},"end":{"line":113,"column":3}},"type":"if","locations":[{"start":{"line":111,"column":8},"end":{"line":113,"column":3}},{"start":{},"end":{}}],"line":111},"10":{"loc":{"start":{"line":120,"column":2},"end":{"line":122,"column":3}},"type":"if","locations":[{"start":{"line":120,"column":2},"end":{"line":122,"column":3}},{"start":{},"end":{}}],"line":120}},"s":{"0":1,"1":1,"2":1,"3":1,"4":1,"5":1,"6":1,"7":1,"8":1,"9":1,"10":1,"11":1,"12":8,"13":1,"14":1,"15":1,"16":7,"17":7,"18":4,"19":2,"20":2,"21":2,"22":2,"23":2,"24":1,"25":1,"26":1,"27":1,"28":1,"29":1,"30":1,"31":1,"32":1,"33":1,"34":1,"35":1,"36":1,"37":0,"38":1,"39":1,"40":0,"41":0,"42":1,"43":1,"44":1,"45":1,"46":1,"47":1,"48":0,"49":0,"50":0,"51":0,"52":0,"53":1,"54":1,"55":1,"56":1,"57":2,"58":2,"59":2,"60":1,"61":1,"62":1,"63":2,"64":1,"65":2,"66":2,"67":2,"68":0,"69":2,"70":2,"71":2,"72":1,"73":1,"74":1,"75":1,"76":0,"77":1,"78":1,"79":1,"80":1,"81":1,"82":1,"83":1,"84":1,"85":1,"86":3,"87":3,"88":1,"89":2,"90":2,"91":1},"f":{"0":8,"1":4,"2":1,"3":1,"4":0,"5":1,"6":2,"7":2,"8":1,"9":1,"10":1,"11":3,"12":2},"b":{"0":[1,7],"1":[2,2],"2":[0,1],"3":[0,0],"4":[1,1],"5":[2,2],"6":[1,0],"7":[0,2],"8":[2,2],"9":[2,0],"10":[0,1]},"_coverageSchema":"1a1c01bbd47fc00a2c39e90264f33305004495a9","hash":"4aaa1b5047dd9d8d01b84899c2f1a0ce6167e303"}
,"/home/sol/Documents/journey-service/test/testDatabase/testDatabase.js": {"path":"/home/sol/Documents/journey-service/test/testDatabase/testDatabase.js","statementMap":{"0":{"start":{"line":1,"column":19},"end":{"line":1,"column":38}},"1":{"start":{"line":2,"column":28},"end":{"line":2,"column":60}},"2":{"start":{"line":4,"column":12},"end":{"line":4,"column":16}},"3":{"start":{"line":6,"column":18},"end":{"line":14,"column":1}},"4":{"start":{"line":7,"column":2},"end":{"line":7,"column":43}},"5":{"start":{"line":8,"column":14},"end":{"line":8,"column":28}},"6":{"start":{"line":10,"column":2},"end":{"line":13,"column":5}},"7":{"start":{"line":17,"column":15},"end":{"line":23,"column":1}},"8":{"start":{"line":18,"column":2},"end":{"line":22,"column":3}},"9":{"start":{"line":19,"column":4},"end":{"line":19,"column":45}},"10":{"start":{"line":20,"column":4},"end":{"line":20,"column":38}},"11":{"start":{"line":21,"column":4},"end":{"line":21,"column":23}},"12":{"start":{"line":25,"column":24},"end":{"line":32,"column":1}},"13":{"start":{"line":26,"column":2},"end":{"line":31,"column":3}},"14":{"start":{"line":27,"column":24},"end":{"line":27,"column":66}},"15":{"start":{"line":28,"column":4},"end":{"line":30,"column":5}},"16":{"start":{"line":29,"column":6},"end":{"line":29,"column":32}},"17":{"start":{"line":34,"column":0},"end":{"line":38,"column":2}}},"fnMap":{"0":{"name":"(anonymous_0)","decl":{"start":{"line":6,"column":18},"end":{"line":6,"column":19}},"loc":{"start":{"line":6,"column":30},"end":{"line":14,"column":1}},"line":6},"1":{"name":"(anonymous_1)","decl":{"start":{"line":17,"column":15},"end":{"line":17,"column":16}},"loc":{"start":{"line":17,"column":27},"end":{"line":23,"column":1}},"line":17},"2":{"name":"(anonymous_2)","decl":{"start":{"line":25,"column":24},"end":{"line":25,"column":25}},"loc":{"start":{"line":25,"column":36},"end":{"line":32,"column":1}},"line":25}},"branchMap":{"0":{"loc":{"start":{"line":18,"column":2},"end":{"line":22,"column":3}},"type":"if","locations":[{"start":{"line":18,"column":2},"end":{"line":22,"column":3}},{"start":{},"end":{}}],"line":18},"1":{"loc":{"start":{"line":26,"column":2},"end":{"line":31,"column":3}},"type":"if","locations":[{"start":{"line":26,"column":2},"end":{"line":31,"column":3}},{"start":{},"end":{}}],"line":26}},"s":{"0":3,"1":3,"2":3,"3":3,"4":3,"5":3,"6":3,"7":3,"8":3,"9":3,"10":3,"11":3,"12":3,"13":29,"14":29,"15":29,"16":44,"17":3},"f":{"0":3,"1":3,"2":29},"b":{"0":[3,0],"1":[29,0]},"_coverageSchema":"1a1c01bbd47fc00a2c39e90264f33305004495a9","hash":"b5f002e5e82f2b54826e3915f7cf13f31ad96891"}
,"/home/sol/Documents/journey-service/utils/logger.js": {"path":"/home/sol/Documents/journey-service/utils/logger.js","statementMap":{"0":{"start":{"line":1,"column":16},"end":{"line":1,"column":30}},"1":{"start":{"line":2,"column":43},"end":{"line":2,"column":61}},"2":{"start":{"line":3,"column":54},"end":{"line":3,"column":60}},"3":{"start":{"line":7,"column":15},"end":{"line":26,"column":2}},"4":{"start":{"line":15,"column":23},"end":{"line":15,"column":75}},"5":{"start":{"line":28,"column":0},"end":{"line":28,"column":24}}},"fnMap":{"0":{"name":"(anonymous_0)","decl":{"start":{"line":15,"column":13},"end":{"line":15,"column":14}},"loc":{"start":{"line":15,"column":23},"end":{"line":15,"column":75}},"line":15}},"branchMap":{},"s":{"0":1,"1":1,"2":1,"3":1,"4":16,"5":1},"f":{"0":16},"b":{},"_coverageSchema":"1a1c01bbd47fc00a2c39e90264f33305004495a9","hash":"1e0eebb7abd35850ea48809ecacd945324afe59d"}
}
