TN:
SF:app.js
FN:27,(anonymous_0)
FNF:1
FNH:0
FNDA:0,(anonymous_0)
DA:1,1
DA:2,1
DA:3,1
DA:4,1
DA:5,1
DA:6,1
DA:7,1
DA:8,1
DA:10,1
DA:16,1
DA:17,1
DA:18,1
DA:23,1
DA:24,1
DA:27,1
DA:28,0
DA:31,1
LF:17
LH:16
BRF:0
BRH:0
end_of_record
TN:
SF:database/configurationSchema.js
FNF:0
FNH:0
DA:1,3
DA:2,3
DA:4,3
DA:15,3
DA:17,3
LF:5
LH:5
BRF:0
BRH:0
end_of_record
TN:
SF:database/journeySchema.js
FNF:0
FNH:0
DA:1,3
DA:2,3
DA:6,3
DA:22,3
DA:24,3
LF:5
LH:5
BRF:0
BRH:0
end_of_record
TN:
SF:errors/invalid_parameters.js
FN:2,(anonymous_0)
FN:10,(anonymous_1)
FNF:2
FNH:2
FNDA:1,(anonymous_0)
FNDA:3,(anonymous_1)
DA:3,1
DA:4,1
DA:5,1
DA:11,3
DA:12,3
DA:13,3
DA:17,4
LF:7
LH:7
BRF:0
BRH:0
end_of_record
TN:
SF:model/auth.js
FN:6,(anonymous_0)
FNF:1
FNH:1
FNDA:4,(anonymous_0)
DA:1,2
DA:2,2
DA:3,2
DA:7,4
DA:8,4
DA:9,4
DA:10,2
DA:11,2
DA:12,1
DA:14,1
DA:18,2
LF:11
LH:11
BRDA:8,0,0,4
BRDA:8,0,1,2
BRDA:9,1,0,2
BRDA:9,1,1,2
BRF:4
BRH:4
end_of_record
TN:
SF:model/configurationRepository.js
FN:5,(anonymous_0)
FN:8,(anonymous_1)
FN:15,(anonymous_2)
FN:20,(anonymous_3)
FNF:4
FNH:3
FNDA:6,(anonymous_0)
FNDA:0,(anonymous_1)
FNDA:5,(anonymous_2)
FNDA:3,(anonymous_3)
DA:1,3
DA:6,6
DA:9,0
DA:12,6
DA:16,5
DA:17,5
DA:21,3
DA:22,3
DA:23,1
DA:26,2
DA:28,2
DA:29,2
DA:30,2
DA:32,0
DA:33,0
DA:35,2
DA:39,3
LF:17
LH:14
BRDA:22,0,0,1
BRDA:22,0,1,2
BRF:2
BRH:2
end_of_record
TN:
SF:model/distanceCalculator.js
FN:2,(anonymous_0)
FN:29,(anonymous_1)
FNF:2
FNH:0
FNDA:0,(anonymous_0)
FNDA:0,(anonymous_1)
DA:3,0
DA:4,0
DA:6,0
DA:7,0
DA:8,0
DA:9,0
DA:12,0
DA:13,0
DA:14,0
DA:16,0
DA:17,0
DA:18,0
DA:19,0
DA:20,0
DA:22,0
DA:23,0
DA:25,0
DA:30,0
DA:31,0
DA:32,0
DA:34,0
DA:37,2
LF:22
LH:1
BRDA:3,0,0,0
BRDA:3,0,1,0
BRDA:3,1,0,0
BRDA:3,1,1,0
BRDA:13,2,0,0
BRDA:13,2,1,0
BRDA:19,3,0,0
BRDA:19,3,1,0
BRDA:22,4,0,0
BRDA:22,4,1,0
BRDA:31,5,0,0
BRDA:31,5,1,0
BRF:12
BRH:0
end_of_record
TN:
SF:model/journeyManager.js
FN:8,(anonymous_0)
FN:13,(anonymous_1)
FN:23,(anonymous_2)
FN:49,(anonymous_3)
FN:55,(anonymous_4)
FN:64,(anonymous_5)
FN:74,(anonymous_6)
FN:98,(anonymous_7)
FN:116,(anonymous_8)
FNF:9
FNH:6
FNDA:2,(anonymous_0)
FNDA:2,(anonymous_1)
FNDA:0,(anonymous_2)
FNDA:0,(anonymous_3)
FNDA:0,(anonymous_4)
FNDA:1,(anonymous_5)
FNDA:2,(anonymous_6)
FNDA:2,(anonymous_7)
FNDA:1,(anonymous_8)
DA:1,2
DA:2,2
DA:3,2
DA:4,2
DA:5,2
DA:9,2
DA:10,2
DA:14,2
DA:15,2
DA:17,2
DA:19,2
DA:20,2
DA:24,0
DA:25,0
DA:26,0
DA:28,0
DA:30,0
DA:31,0
DA:32,0
DA:39,0
DA:40,0
DA:41,0
DA:42,0
DA:44,0
DA:46,0
DA:50,0
DA:52,0
DA:53,0
DA:54,0
DA:55,0
DA:56,0
DA:58,0
DA:61,0
DA:65,1
DA:69,1
DA:71,1
DA:75,2
DA:80,2
DA:81,2
DA:82,0
DA:83,2
DA:85,1
DA:87,1
DA:88,1
DA:89,1
DA:91,0
DA:94,2
DA:95,2
DA:99,2
DA:103,2
DA:105,2
DA:106,0
DA:107,2
DA:109,1
DA:111,1
DA:113,2
DA:117,1
DA:121,1
DA:123,1
DA:127,2
LF:60
LH:36
BRDA:56,0,0,0
BRDA:56,0,1,0
BRDA:81,1,0,0
BRDA:81,1,1,2
BRDA:83,2,0,1
BRDA:83,2,1,1
BRDA:87,3,0,1
BRDA:87,3,1,0
BRDA:105,4,0,0
BRDA:105,4,1,2
BRDA:107,5,0,1
BRDA:107,5,1,1
BRF:12
BRH:7
end_of_record
TN:
SF:model/journeyRepository.js
FN:5,(anonymous_0)
FN:6,(anonymous_1)
FN:8,(anonymous_2)
FN:15,(anonymous_3)
FN:20,(anonymous_4)
FN:24,(anonymous_5)
FNF:6
FNH:4
FNDA:8,(anonymous_0)
FNDA:8,(anonymous_1)
FNDA:0,(anonymous_2)
FNDA:2,(anonymous_3)
FNDA:0,(anonymous_4)
FNDA:9,(anonymous_5)
DA:1,3
DA:6,8
DA:7,8
DA:9,0
DA:12,8
DA:16,2
DA:21,0
DA:25,9
DA:27,9
DA:31,3
LF:10
LH:8
BRF:0
BRH:0
end_of_record
TN:
SF:model/modality.js
FN:3,(anonymous_0)
FN:6,(anonymous_1)
FNF:2
FNH:2
FNDA:6,(anonymous_0)
FNDA:5,(anonymous_1)
DA:4,6
DA:7,5
DA:8,3
DA:11,2
DA:15,3
LF:5
LH:5
BRDA:7,0,0,3
BRDA:7,0,1,2
BRF:2
BRH:2
end_of_record
TN:
SF:model/priceCalculator.js
FN:4,(anonymous_0)
FN:10,(anonymous_1)
FNF:2
FNH:2
FNDA:6,(anonymous_0)
FNDA:6,(anonymous_1)
DA:1,3
DA:5,6
DA:6,6
DA:7,6
DA:11,6
DA:12,1
DA:15,5
DA:16,5
DA:17,5
DA:21,3
LF:10
LH:10
BRDA:11,0,0,1
BRDA:11,0,1,5
BRF:2
BRH:2
end_of_record
TN:
SF:routes/index.js
FN:16,returnJourney
FN:26,returnConfig
FN:41,authenticateToken
FN:50,(anonymous_3)
FN:60,(anonymous_4)
FN:73,(anonymous_5)
FN:84,(anonymous_6)
FN:89,(anonymous_7)
FN:101,(anonymous_8)
FN:112,(anonymous_9)
FN:122,(anonymous_10)
FN:128,(anonymous_11)
FN:133,(anonymous_12)
FN:138,(anonymous_13)
FNF:14
FNH:13
FNDA:8,returnJourney
FNDA:4,returnConfig
FNDA:15,authenticateToken
FNDA:1,(anonymous_3)
FNDA:1,(anonymous_4)
FNDA:0,(anonymous_5)
FNDA:1,(anonymous_6)
FNDA:2,(anonymous_7)
FNDA:2,(anonymous_8)
FNDA:1,(anonymous_9)
FNDA:1,(anonymous_10)
FNDA:1,(anonymous_11)
FNDA:3,(anonymous_12)
FNDA:2,(anonymous_13)
DA:1,1
DA:2,1
DA:3,1
DA:4,1
DA:5,1
DA:6,1
DA:8,1
DA:9,1
DA:10,1
DA:11,1
DA:12,1
DA:17,8
DA:18,1
DA:19,1
DA:20,1
DA:22,7
DA:23,7
DA:27,4
DA:28,2
DA:29,2
DA:30,2
DA:33,2
DA:38,2
DA:42,15
DA:43,15
DA:44,15
DA:46,0
DA:50,1
DA:51,1
DA:52,1
DA:54,1
DA:56,0
DA:60,1
DA:61,1
DA:62,1
DA:63,1
DA:65,0
DA:66,0
DA:67,0
DA:68,0
DA:70,0
DA:73,1
DA:74,0
DA:77,0
DA:78,0
DA:79,0
DA:81,0
DA:84,1
DA:85,1
DA:86,1
DA:89,1
DA:90,2
DA:91,2
DA:93,2
DA:94,1
DA:95,1
DA:96,1
DA:98,2
DA:101,1
DA:102,2
DA:103,2
DA:104,2
DA:105,0
DA:106,2
DA:107,2
DA:109,2
DA:112,1
DA:113,1
DA:114,1
DA:115,1
DA:116,0
DA:118,1
DA:122,1
DA:123,1
DA:124,1
DA:125,1
DA:128,1
DA:129,1
DA:130,1
DA:133,1
DA:134,3
DA:135,3
DA:138,1
DA:139,2
DA:140,2
DA:143,1
LF:86
LH:72
BRDA:17,0,0,1
BRDA:17,0,1,7
BRDA:27,1,0,2
BRDA:27,1,1,2
BRDA:61,2,0,1
BRDA:61,2,1,0
BRDA:77,3,0,0
BRDA:77,3,1,0
BRDA:93,4,0,1
BRDA:93,4,1,1
BRDA:93,5,0,2
BRDA:93,5,1,2
BRDA:95,6,0,1
BRDA:95,6,1,0
BRDA:104,7,0,0
BRDA:104,7,1,2
BRDA:104,8,0,2
BRDA:104,8,1,2
BRDA:106,9,0,2
BRDA:106,9,1,0
BRDA:115,10,0,0
BRDA:115,10,1,1
BRF:22
BRH:15
end_of_record
TN:
SF:test/testDatabase/testDatabase.js
FN:6,(anonymous_0)
FN:17,(anonymous_1)
FN:25,(anonymous_2)
FNF:3
FNH:3
FNDA:4,(anonymous_0)
FNDA:4,(anonymous_1)
FNDA:30,(anonymous_2)
DA:1,4
DA:2,4
DA:4,4
DA:6,4
DA:7,4
DA:8,4
DA:10,4
DA:17,4
DA:18,4
DA:19,4
DA:20,4
DA:21,4
DA:25,4
DA:26,30
DA:27,30
DA:28,30
DA:29,46
DA:34,4
LF:18
LH:18
BRDA:18,0,0,4
BRDA:18,0,1,0
BRDA:26,1,0,30
BRDA:26,1,1,0
BRF:4
BRH:2
end_of_record
TN:
SF:utils/logger.js
FN:15,(anonymous_0)
FNF:1
FNH:1
FNDA:13,(anonymous_0)
DA:1,2
DA:2,2
DA:3,2
DA:7,2
DA:15,13
DA:28,2
LF:6
LH:6
BRF:0
BRH:0
end_of_record
