TN:
SF:app.js
FN:21,(anonymous_0)
FNF:1
FNH:0
FNDA:0,(anonymous_0)
DA:1,1
DA:2,1
DA:3,1
DA:4,1
DA:5,1
DA:6,1
DA:7,1
DA:8,1
DA:10,1
DA:11,1
DA:12,1
DA:17,1
DA:18,1
DA:21,1
DA:22,0
DA:25,1
LF:16
LH:15
BRF:0
BRH:0
end_of_record
TN:
SF:database/schema.js
FNF:0
FNH:0
DA:1,2
DA:2,2
DA:6,2
DA:22,2
DA:25,2
LF:5
LH:5
BRF:0
BRH:0
end_of_record
TN:
SF:errors/invalid_distance.js
FN:2,(anonymous_0)
FN:10,(anonymous_1)
FNF:2
FNH:2
FNDA:1,(anonymous_0)
FNDA:2,(anonymous_1)
DA:3,1
DA:4,1
DA:5,1
DA:11,2
DA:12,2
DA:13,2
DA:17,3
LF:7
LH:7
BRF:0
BRH:0
end_of_record
TN:
SF:model/auth.js
FN:4,(anonymous_0)
FNF:1
FNH:1
FNDA:3,(anonymous_0)
DA:1,2
DA:5,3
DA:6,3
DA:7,3
DA:9,3
DA:10,2
DA:12,1
DA:15,2
LF:8
LH:8
BRDA:9,0,0,2
BRDA:9,0,1,1
BRF:2
BRH:2
end_of_record
TN:
SF:model/journey.js
FN:2,(anonymous_0)
FN:7,(anonymous_1)
FN:11,(anonymous_2)
FN:15,(anonymous_3)
FN:19,(anonymous_4)
FN:26,(anonymous_5)
FNF:6
FNH:0
FNDA:0,(anonymous_0)
FNDA:0,(anonymous_1)
FNDA:0,(anonymous_2)
FNDA:0,(anonymous_3)
FNDA:0,(anonymous_4)
FNDA:0,(anonymous_5)
DA:3,0
DA:4,0
DA:8,0
DA:12,0
DA:16,0
DA:20,0
DA:21,0
DA:22,0
DA:23,0
DA:27,0
DA:31,1
LF:11
LH:1
BRF:0
BRH:0
end_of_record
TN:
SF:model/journeyRepository.js
FN:5,(anonymous_0)
FN:6,(anonymous_1)
FN:8,(anonymous_2)
FN:15,(anonymous_3)
FN:19,(anonymous_4)
FNF:5
FNH:4
FNDA:4,(anonymous_0)
FNDA:4,(anonymous_1)
FNDA:0,(anonymous_2)
FNDA:2,(anonymous_3)
FNDA:9,(anonymous_4)
DA:1,2
DA:6,4
DA:7,4
DA:9,0
DA:12,4
DA:16,2
DA:20,9
DA:22,9
DA:26,2
LF:9
LH:8
BRF:0
BRH:0
end_of_record
TN:
SF:model/modality.js
FN:3,(anonymous_0)
FN:6,(anonymous_1)
FNF:2
FNH:2
FNDA:4,(anonymous_0)
FNDA:3,(anonymous_1)
DA:4,4
DA:7,3
DA:8,1
DA:11,2
DA:15,2
LF:5
LH:5
BRDA:7,0,0,1
BRDA:7,0,1,2
BRF:2
BRH:2
end_of_record
TN:
SF:model/priceCalculator.js
FN:4,(anonymous_0)
FN:9,(anonymous_1)
FNF:2
FNH:2
FNDA:4,(anonymous_0)
FNDA:4,(anonymous_1)
DA:1,2
DA:5,4
DA:6,4
DA:10,4
DA:11,4
DA:12,1
DA:15,3
DA:16,3
DA:17,3
DA:21,2
LF:10
LH:10
BRDA:11,0,0,1
BRDA:11,0,1,3
BRF:2
BRH:2
end_of_record
TN:
SF:routes/index.js
FN:16,returnJourney
FN:27,(anonymous_1)
FN:52,(anonymous_2)
FN:71,(anonymous_3)
FN:82,(anonymous_4)
FN:92,(anonymous_5)
FN:102,(anonymous_6)
FN:113,(anonymous_7)
FN:119,(anonymous_8)
FNF:9
FNH:7
FNDA:6,returnJourney
FNDA:0,(anonymous_1)
FNDA:0,(anonymous_2)
FNDA:1,(anonymous_3)
FNDA:1,(anonymous_4)
FNDA:1,(anonymous_5)
FNDA:1,(anonymous_6)
FNDA:1,(anonymous_7)
FNDA:2,(anonymous_8)
DA:1,1
DA:2,1
DA:4,1
DA:5,1
DA:7,1
DA:8,1
DA:9,1
DA:11,1
DA:12,1
DA:14,1
DA:17,6
DA:18,1
DA:19,1
DA:20,1
DA:22,5
DA:23,5
DA:26,1
DA:28,0
DA:29,0
DA:30,0
DA:33,0
DA:35,0
DA:36,0
DA:39,0
DA:41,0
DA:52,1
DA:53,0
DA:54,0
DA:56,0
DA:58,0
DA:65,0
DA:66,0
DA:67,0
DA:68,0
DA:71,1
DA:72,1
DA:77,1
DA:79,1
DA:82,1
DA:83,1
DA:86,1
DA:89,1
DA:92,1
DA:93,1
DA:96,1
DA:99,1
DA:102,1
DA:103,1
DA:107,1
DA:109,1
DA:113,1
DA:114,1
DA:115,1
DA:116,1
DA:119,1
DA:120,2
DA:121,2
DA:124,1
LF:58
LH:42
BRDA:17,0,0,1
BRDA:17,0,1,5
BRF:2
BRH:2
end_of_record
TN:
SF:test/testDatabase/testDatabase.js
FN:6,(anonymous_0)
FN:17,(anonymous_1)
FN:25,(anonymous_2)
FNF:3
FNH:3
FNDA:2,(anonymous_0)
FNDA:2,(anonymous_1)
FNDA:15,(anonymous_2)
DA:1,2
DA:2,2
DA:4,2
DA:6,2
DA:7,2
DA:8,2
DA:10,2
DA:17,2
DA:18,2
DA:19,2
DA:20,2
DA:21,2
DA:25,2
DA:26,15
DA:27,15
DA:28,15
DA:29,15
DA:34,2
LF:18
LH:18
BRDA:18,0,0,2
BRDA:18,0,1,0
BRDA:26,1,0,15
BRDA:26,1,1,0
BRF:4
BRH:2
end_of_record
TN:
SF:utils/logger.js
FN:15,(anonymous_0)
FNF:1
FNH:1
FNDA:7,(anonymous_0)
DA:1,1
DA:2,1
DA:3,1
DA:7,1
DA:15,7
DA:28,1
LF:6
LH:6
BRF:0
BRH:0
end_of_record
