TN:
SF:app.js
FN:21,(anonymous_0)
FNF:1
FNH:0
FNDA:0,(anonymous_0)
DA:1,1
DA:2,1
DA:3,1
DA:4,1
DA:5,1
DA:6,1
DA:7,1
DA:8,1
DA:10,1
DA:11,1
DA:12,1
DA:17,1
DA:18,1
DA:21,1
DA:22,0
DA:25,1
LF:16
LH:15
BRF:0
BRH:0
end_of_record
TN:
SF:database/configurationSchema.js
FNF:0
FNH:0
DA:1,2
DA:2,2
DA:4,2
DA:15,2
DA:17,2
LF:5
LH:5
BRF:0
BRH:0
end_of_record
TN:
SF:database/journeySchema.js
FNF:0
FNH:0
DA:1,2
DA:2,2
DA:6,2
DA:22,2
DA:24,2
LF:5
LH:5
BRF:0
BRH:0
end_of_record
TN:
SF:errors/invalid_distance.js
FN:2,(anonymous_0)
FN:10,(anonymous_1)
FNF:2
FNH:2
FNDA:1,(anonymous_0)
FNDA:2,(anonymous_1)
DA:3,1
DA:4,1
DA:5,1
DA:11,2
DA:12,2
DA:13,2
DA:17,3
LF:7
LH:7
BRF:0
BRH:0
end_of_record
TN:
SF:model/auth.js
FN:4,(anonymous_0)
FNF:1
FNH:1
FNDA:3,(anonymous_0)
DA:1,2
DA:5,3
DA:6,3
DA:7,3
DA:9,3
DA:10,2
DA:12,1
DA:15,2
LF:8
LH:8
BRDA:9,0,0,2
BRDA:9,0,1,1
BRF:2
BRH:2
end_of_record
TN:
SF:model/configurationRepository.js
FN:5,(anonymous_0)
FN:8,(anonymous_1)
FN:15,(anonymous_2)
FN:20,(anonymous_3)
FNF:4
FNH:3
FNDA:5,(anonymous_0)
FNDA:0,(anonymous_1)
FNDA:4,(anonymous_2)
FNDA:6,(anonymous_3)
DA:1,2
DA:6,5
DA:9,0
DA:12,5
DA:16,4
DA:17,4
DA:21,6
DA:22,6
DA:23,2
DA:26,4
DA:28,4
DA:29,4
DA:31,0
DA:32,0
DA:34,4
DA:38,2
LF:16
LH:13
BRDA:22,0,0,2
BRDA:22,0,1,4
BRF:2
BRH:2
end_of_record
TN:
SF:model/distanceCalculator.js
FN:2,(anonymous_0)
FN:29,(anonymous_1)
FNF:2
FNH:2
FNDA:2,(anonymous_0)
FNDA:2,(anonymous_1)
DA:3,2
DA:4,0
DA:6,2
DA:7,2
DA:8,2
DA:9,2
DA:12,2
DA:13,2
DA:14,0
DA:16,2
DA:17,2
DA:18,2
DA:19,2
DA:20,2
DA:22,2
DA:23,0
DA:25,2
DA:30,2
DA:31,2
DA:32,1
DA:36,1
LF:21
LH:18
BRDA:3,0,0,0
BRDA:3,0,1,2
BRDA:3,1,0,2
BRDA:3,1,1,0
BRDA:13,2,0,0
BRDA:13,2,1,2
BRDA:19,3,0,2
BRDA:19,3,1,0
BRDA:22,4,0,0
BRDA:22,4,1,2
BRDA:31,5,0,1
BRDA:31,5,1,1
BRF:12
BRH:7
end_of_record
TN:
SF:model/journey.js
FN:2,(anonymous_0)
FN:7,(anonymous_1)
FN:11,(anonymous_2)
FN:15,(anonymous_3)
FN:19,(anonymous_4)
FN:26,(anonymous_5)
FNF:6
FNH:0
FNDA:0,(anonymous_0)
FNDA:0,(anonymous_1)
FNDA:0,(anonymous_2)
FNDA:0,(anonymous_3)
FNDA:0,(anonymous_4)
FNDA:0,(anonymous_5)
DA:3,0
DA:4,0
DA:8,0
DA:12,0
DA:16,0
DA:20,0
DA:21,0
DA:22,0
DA:23,0
DA:27,0
DA:31,1
LF:11
LH:1
BRF:0
BRH:0
end_of_record
TN:
SF:model/journeyRepository.js
FN:5,(anonymous_0)
FN:6,(anonymous_1)
FN:8,(anonymous_2)
FN:15,(anonymous_3)
FN:20,(anonymous_4)
FN:24,(anonymous_5)
FNF:6
FNH:5
FNDA:8,(anonymous_0)
FNDA:8,(anonymous_1)
FNDA:0,(anonymous_2)
FNDA:2,(anonymous_3)
FNDA:1,(anonymous_4)
FNDA:9,(anonymous_5)
DA:1,2
DA:6,8
DA:7,8
DA:9,0
DA:12,8
DA:16,2
DA:21,1
DA:25,9
DA:27,9
DA:31,2
LF:10
LH:9
BRF:0
BRH:0
end_of_record
TN:
SF:model/modality.js
FN:3,(anonymous_0)
FN:6,(anonymous_1)
FNF:2
FNH:2
FNDA:4,(anonymous_0)
FNDA:3,(anonymous_1)
DA:4,4
DA:7,3
DA:8,1
DA:11,2
DA:15,2
LF:5
LH:5
BRDA:7,0,0,1
BRDA:7,0,1,2
BRF:2
BRH:2
end_of_record
TN:
SF:model/priceCalculator.js
FN:4,(anonymous_0)
FN:9,(anonymous_1)
FNF:2
FNH:2
FNDA:4,(anonymous_0)
FNDA:4,(anonymous_1)
DA:1,2
DA:5,4
DA:6,4
DA:10,4
DA:11,4
DA:12,1
DA:15,3
DA:16,3
DA:17,3
DA:21,2
LF:10
LH:10
BRDA:11,0,0,1
BRDA:11,0,1,3
BRF:2
BRH:2
end_of_record
TN:
SF:routes/index.js
FN:21,returnJourney
FN:31,returnConfig
FN:47,(anonymous_2)
FN:62,(anonymous_3)
FN:70,(anonymous_4)
FN:79,(anonymous_5)
FN:98,(anonymous_6)
FN:109,(anonymous_7)
FN:130,(anonymous_8)
FN:150,(anonymous_9)
FN:161,(anonymous_10)
FN:167,(anonymous_11)
FN:172,(anonymous_12)
FN:177,(anonymous_13)
FN:182,(anonymous_14)
FNF:15
FNH:13
FNDA:8,returnJourney
FNDA:7,returnConfig
FNDA:0,(anonymous_2)
FNDA:1,(anonymous_3)
FNDA:2,(anonymous_4)
FNDA:0,(anonymous_5)
FNDA:1,(anonymous_6)
FNDA:2,(anonymous_7)
FNDA:2,(anonymous_8)
FNDA:1,(anonymous_9)
FNDA:1,(anonymous_10)
FNDA:1,(anonymous_11)
FNDA:3,(anonymous_12)
FNDA:3,(anonymous_13)
FNDA:2,(anonymous_14)
DA:1,1
DA:2,1
DA:4,1
DA:5,1
DA:6,1
DA:8,1
DA:9,1
DA:10,1
DA:11,1
DA:13,1
DA:14,1
DA:15,1
DA:18,1
DA:22,8
DA:23,1
DA:24,1
DA:25,1
DA:27,7
DA:28,7
DA:32,7
DA:33,2
DA:34,2
DA:35,2
DA:38,5
DA:43,5
DA:46,1
DA:48,0
DA:49,0
DA:50,0
DA:51,0
DA:52,0
DA:53,0
DA:56,0
DA:58,0
DA:62,1
DA:63,1
DA:64,1
DA:65,1
DA:66,1
DA:67,1
DA:68,1
DA:69,1
DA:70,1
DA:71,2
DA:73,1
DA:76,1
DA:79,1
DA:80,0
DA:81,0
DA:83,0
DA:85,0
DA:92,0
DA:93,0
DA:94,0
DA:95,0
DA:98,1
DA:99,1
DA:104,1
DA:106,1
DA:109,1
DA:110,2
DA:114,2
DA:116,2
DA:117,0
DA:118,0
DA:119,2
DA:121,1
DA:122,1
DA:124,1
DA:125,1
DA:126,1
DA:130,1
DA:131,2
DA:135,2
DA:137,2
DA:138,0
DA:139,0
DA:140,2
DA:142,1
DA:143,1
DA:145,1
DA:146,1
DA:150,1
DA:151,1
DA:155,1
DA:157,1
DA:161,1
DA:162,1
DA:163,1
DA:164,1
DA:167,1
DA:168,1
DA:169,1
DA:172,1
DA:173,3
DA:174,3
DA:177,1
DA:178,3
DA:179,3
DA:182,1
DA:183,2
DA:184,2
DA:187,1
LF:103
LH:83
BRDA:22,0,0,1
BRDA:22,0,1,7
BRDA:32,1,0,2
BRDA:32,1,1,5
BRDA:71,2,0,1
BRDA:71,2,1,1
BRDA:116,3,0,0
BRDA:116,3,1,2
BRDA:119,4,0,1
BRDA:119,4,1,1
BRDA:137,5,0,0
BRDA:137,5,1,2
BRDA:140,6,0,1
BRDA:140,6,1,1
BRF:14
BRH:12
end_of_record
TN:
SF:test/testDatabase/testDatabase.js
FN:6,(anonymous_0)
FN:17,(anonymous_1)
FN:25,(anonymous_2)
FNF:3
FNH:3
FNDA:3,(anonymous_0)
FNDA:3,(anonymous_1)
FNDA:30,(anonymous_2)
DA:1,3
DA:2,3
DA:4,3
DA:6,3
DA:7,3
DA:8,3
DA:10,3
DA:17,3
DA:18,3
DA:19,3
DA:20,3
DA:21,3
DA:25,3
DA:26,30
DA:27,30
DA:28,30
DA:29,46
DA:34,3
LF:18
LH:18
BRDA:18,0,0,3
BRDA:18,0,1,0
BRDA:26,1,0,30
BRDA:26,1,1,0
BRF:4
BRH:2
end_of_record
TN:
SF:utils/logger.js
FN:15,(anonymous_0)
FNF:1
FNH:1
FNDA:13,(anonymous_0)
DA:1,1
DA:2,1
DA:3,1
DA:7,1
DA:15,13
DA:28,1
LF:6
LH:6
BRF:0
BRH:0
end_of_record
